0.001001119613647461 101815
0.001001119613647461 102807
59.660728454589844 102882
59.737746238708496 102916
60.09882688522339 103237
60.133835554122925 103254
60.204851388931274 103604
60.31988048553467 103655
60.69496488571167 103714
60.762980461120605 103793
62.1893048286438 104316
62.628907918930054 104393
64.2772798538208 104649
66.70724439620972 104840
66.8692843914032 105089
68.35061931610107 105096
72.80918502807617 105203
73.93544173240662 105240
74.28852152824402 105306
74.2995240688324 105362
74.46456122398376 105750
74.74912929534912 105912
74.80514168739319 106117
74.94517350196838 106154
