0.0 255081
0.0 255893
0.0 257158
0.0 257307
98.50100302696228 257577
98.89509201049805 257931
98.9771101474762 258120
99.95883631706238 258153
101.8352599143982 258167
102.703458070755 258408
104.95046877861023 258588
105.26654052734375 258591
105.32355308532715 258703
105.6360731124878 258725
105.65358352661133 258878
106.31073141098022 259087
106.3477394580841 259181
107.75506091117859 259678
108.55224084854126 259689
109.00134229660034 259783
109.10436511039734 260032
109.32141399383545 260132
110.39316058158875 260147
110.46917772293091 260181
110.67422366142273 260625
110.91927909851074 260767
112.42561912536621 261188
113.6393985748291 261251
113.93246483802795 261484
