0.0006170272827148438 67.0
0.0006442070007324219 121.0
0.0006639957427978516 197.0
0.0006818771362304688 320.0
0.0007002353668212891 463.0
0.0007219314575195312 558.0
0.0007431507110595703 599.0
0.0007610321044921875 740.0
0.0007779598236083984 888.0
0.0007989406585693359 1078.0
0.0008199214935302734 1256.0
0.0008399486541748047 1408.0
0.0008571147918701172 1548.0
0.0008740425109863281 1665.0
0.0008900165557861328 1798.0
0.0009050369262695312 1979.0
0.0009241104125976562 2055.0
0.0009410381317138672 2212.0
0.0009589195251464844 2371.0
0.0009751319885253906 2565.0
0.0009889602661132812 2789.0
0.0010080337524414062 3044.0
0.0010271072387695312 3174.0
0.0010418891906738281 3405.0
0.0010559558868408203 3693.0
0.0010712146759033203 3973.0
0.0010840892791748047 4285.0
0.0010979175567626953 4513.0
0.0011110305786132812 4551.0
0.0029020309448242188 4566.0
