0.0012710094451904297 40.0
0.0013461112976074219 69.0
0.0014159679412841797 86.0
0.0014872550964355469 155.0
0.0015590190887451172 222.0
0.001628875732421875 281.0
0.0017001628875732422 335.0
0.0017681121826171875 392.0
0.0018401145935058594 497.0
0.001911163330078125 515.0
0.0019800662994384766 635.0
0.0020470619201660156 729.0
0.0021131038665771484 805.0
0.0021791458129882812 933.0
0.002245187759399414 1056.0
0.0023109912872314453 1195.0
0.002379179000854492 1338.0
0.002445220947265625 1458.0
0.0025129318237304688 1571.0
0.002579927444458008 1690.0
0.002644062042236328 1785.0
0.002711057662963867 1865.0
0.002777099609375 2021.0
0.0028412342071533203 2156.0
0.002905130386352539 2246.0
0.002969026565551758 2379.0
0.003032207489013672 2440.0
0.0030961036682128906 2474.0
0.0031621456146240234 2629.0
0.0032262802124023438 2670.0
0.0032911300659179688 2798.0
0.0033540725708007812 2922.0
0.0034172534942626953 3094.0
0.0034780502319335938 3235.0
0.003542184829711914 3317.0
0.0036039352416992188 3437.0
0.003665924072265625 3528.0
0.0037262439727783203 3599.0
0.0037870407104492188 3711.0
0.0038499832153320312 3894.0
0.003911018371582031 4020.0
0.003971099853515625 4168.0
0.004032135009765625 4301.0
0.0040950775146484375 4491.0
0.00415802001953125 4659.0
0.0042209625244140625 4845.0
0.00428009033203125 5023.0
0.00434112548828125 5191.0
0.00439906120300293 5343.0
0.004457950592041016 5483.0
0.004516124725341797 5676.0
0.0045740604400634766 5869.0
0.00463104248046875 5986.0
0.004688262939453125 6149.0
0.004748106002807617 6250.0
0.0048062801361083984 6394.0
0.00486302375793457 6527.0
0.004922151565551758 6708.0
0.00497889518737793 6851.0
0.005033969879150391 7058.0
0.005089998245239258 7180.0
0.005145072937011719 7293.0
0.005200862884521484 7443.0
0.005255937576293945 7657.0
0.005311012268066406 7869.0
0.005368232727050781 8056.0
0.0054242610931396484 8205.0
0.0054779052734375 8435.0
0.00553131103515625 8684.0
0.005765199661254883 8902.0
0.005820035934448242 9055.0
0.005877017974853516 9108.0
0.00593113899230957 9343.0
0.005988121032714844 9419.0
0.006041049957275391 9561.0
0.006094217300415039 9787.0
0.00614619255065918 9975.0
0.0061969757080078125 10182.0
0.006251096725463867 10339.0
0.006304025650024414 10557.0
0.006359100341796875 10736.0
0.006411075592041016 10895.0
0.00654911994934082 11089.0
0.0067729949951171875 11313.0
0.006869077682495117 11568.0
0.0069582462310791016 11788.0
0.007045269012451172 11894.0
0.007134914398193359 12075.0
0.0072209835052490234 12192.0
0.0073049068450927734 12365.0
0.007389068603515625 12477.0
0.007472991943359375 12707.0
0.007565021514892578 12837.0
0.009742021560668945 13068.0
0.009791135787963867 13356.0
0.009840965270996094 13463.0
0.00988912582397461 13743.0
0.009939908981323242 13965.0
0.009991884231567383 14277.0
0.010039091110229492 14505.0
0.010088920593261719 14543.0
0.010136127471923828 14841.0
0.01018214225769043 15111.0
0.01022791862487793 15372.0
0.010274171829223633 15542.0
0.010322093963623047 15807.0
0.010372161865234375 16082.0
0.010417938232421875 16364.0
0.010467052459716797 16621.0
0.010513067245483398 16902.0
0.010558128356933594 17195.0
0.010606050491333008 17466.0
0.010651111602783203 17682.0
0.01069498062133789 17834.0
0.010757207870483398 17976.0
0.011014223098754883 18000.0
0.011310100555419922 18022.0
0.012507915496826172 18046.0
0.016763925552368164 18051.0
