0.015109777450561523 101.0
0.01610422134399414 202.0
0.01703357696533203 303.0
0.01794886589050293 404.0
0.01887035369873047 505.0
0.019785404205322266 606.0
0.02070140838623047 707.0
0.021620988845825195 808.0
0.022536039352416992 909.0
0.023458003997802734 1010.0
0.02438187599182129 1111.0
0.025291919708251953 1212.0
0.026209592819213867 1313.0
0.027132749557495117 1414.0
0.028075456619262695 1515.0
0.029003381729125977 1616.0
0.029910802841186523 1717.0
0.030823230743408203 1819.0
0.031728506088256836 1921.0
0.03262925148010254 2023.0
0.03353381156921387 2125.0
0.034447431564331055 2227.0
0.03535294532775879 2329.0
0.03625917434692383 2431.0
0.037160396575927734 2533.0
0.03806424140930176 2635.0
0.0389704704284668 2737.0
0.03986763954162598 2840.0
0.04075932502746582 2943.0
0.041655778884887695 3046.0
0.04254484176635742 3149.0
0.04344344139099121 3252.0
0.0443415641784668 3355.0
0.04523205757141113 3458.0
0.04612922668457031 3561.0
0.04702472686767578 3664.0
0.04792428016662598 3768.0
0.04881906509399414 3872.0
0.049718379974365234 3976.0
0.0506134033203125 4080.0
0.05150294303894043 4184.0
0.052390098571777344 4288.0
0.05327773094177246 4392.0
0.0541689395904541 4496.0
0.05505228042602539 4600.0
0.055941104888916016 4705.0
0.05681777000427246 4810.0
0.05770277976989746 4915.0
0.05858492851257324 5020.0
0.05946540832519531 5125.0
0.060346364974975586 5230.0
0.061229705810546875 5335.0
0.062111616134643555 5440.0
0.06299781799316406 5545.0
0.06387734413146973 5650.0
0.06475520133972168 5755.0
0.06563854217529297 5860.0
0.0665137767791748 5966.0
0.06739258766174316 6072.0
0.06826663017272949 6178.0
0.06913900375366211 6284.0
0.07001137733459473 6390.0
0.07088398933410645 6496.0
0.07175564765930176 6602.0
0.07262945175170898 6708.0
0.07350587844848633 6814.0
0.07438802719116211 6921.0
0.07526016235351562 7028.0
0.07611584663391113 7135.0
0.07698249816894531 7242.0
0.07784295082092285 7349.0
0.07869601249694824 7456.0
0.07955765724182129 7563.0
0.08041620254516602 7671.0
0.08127164840698242 7779.0
0.0821235179901123 7887.0
0.08298301696777344 7995.0
0.08384394645690918 8103.0
0.08470606803894043 8211.0
0.0855722427368164 8319.0
0.08643507957458496 8427.0
0.08728957176208496 8536.0
0.08814549446105957 8645.0
0.08900308609008789 8754.0
0.08985090255737305 8863.0
0.09070444107055664 8972.0
0.09156107902526855 9081.0
0.09240841865539551 9190.0
0.09325695037841797 9299.0
0.0941007137298584 9408.0
0.09494829177856445 9517.0
0.09579205513000488 9626.0
0.09663963317871094 9736.0
0.0974879264831543 9846.0
0.09833812713623047 9956.0
0.0991823673248291 10066.0
0.10002589225769043 10176.0
0.10087203979492188 10286.0
0.10170626640319824 10396.0
0.10255050659179688 10506.0
0.10338926315307617 10616.0
0.1042337417602539 10726.0
0.10507583618164062 10836.0
0.10591483116149902 10946.0
0.10674715042114258 11057.0
0.10758829116821289 11168.0
0.10842466354370117 11279.0
0.10926342010498047 11390.0
0.11009788513183594 11501.0
0.11093473434448242 11612.0
0.11176753044128418 11724.0
0.11260414123535156 11836.0
0.11344051361083984 11948.0
0.11427116394042969 12060.0
0.11510229110717773 12172.0
0.1159214973449707 12284.0
0.11673927307128906 12397.0
0.11756110191345215 12510.0
0.1183931827545166 12623.0
0.11922335624694824 12736.0
0.12005734443664551 12850.0
0.12089252471923828 12964.0
0.12171697616577148 13078.0
0.12255048751831055 13192.0
0.12338113784790039 13306.0
0.1242055892944336 13420.0
0.1250321865081787 13534.0
0.12585067749023438 13648.0
0.12667441368103027 13762.0
0.12750649452209473 13876.0
0.12833428382873535 13990.0
0.12917327880859375 14104.0
0.13001060485839844 14218.0
0.1308279037475586 14333.0
0.13165664672851562 14448.0
0.13248443603515625 14563.0
0.1333010196685791 14678.0
0.1420602798461914 14793.0
0.14295721054077148 14908.0
0.1437842845916748 15023.0
0.1446080207824707 15138.0
0.1454329490661621 15253.0
0.14625763893127441 15368.0
0.14707541465759277 15483.0
0.1478879451751709 15599.0
0.14869403839111328 15715.0
0.149505615234375 15831.0
0.1503129005432129 15947.0
0.1511213779449463 16063.0
0.15192723274230957 16179.0
0.15272927284240723 16295.0
0.15353798866271973 16411.0
0.15434575080871582 16527.0
0.1551523208618164 16643.0
0.1559584140777588 16759.0
0.15674829483032227 16875.0
0.15755319595336914 16991.0
0.15836119651794434 17107.0
0.15916085243225098 17223.0
0.1599595546722412 17339.0
0.1607511043548584 17455.0
0.16154861450195312 17571.0
0.16234183311462402 17687.0
0.16313529014587402 17804.0
0.16393446922302246 17921.0
0.16473627090454102 18038.0
0.16553092002868652 18155.0
0.16632604598999023 18272.0
0.1671133041381836 18389.0
0.16790556907653809 18506.0
0.16869592666625977 18623.0
0.16949200630187988 18740.0
0.17028570175170898 18858.0
0.1710834503173828 18976.0
0.17187929153442383 19094.0
0.17266845703125 19212.0
0.1734600067138672 19330.0
0.17425036430358887 19448.0
0.17504239082336426 19567.0
0.17582440376281738 19686.0
0.17661499977111816 19805.0
0.17740726470947266 19924.0
0.17819857597351074 20043.0
0.17899489402770996 20162.0
0.1797783374786377 20281.0
0.18056035041809082 20400.0
0.18134713172912598 20519.0
0.1821281909942627 20638.0
0.18291068077087402 20757.0
0.18369054794311523 20876.0
0.18447232246398926 20995.0
0.1852579116821289 21114.0
0.18604016304016113 21233.0
0.1868124008178711 21353.0
0.1875903606414795 21473.0
0.18836426734924316 21593.0
0.18913984298706055 21713.0
0.18991661071777344 21833.0
0.19069194793701172 21953.0
0.19147300720214844 22073.0
0.19231557846069336 22194.0
0.19310593605041504 22315.0
0.19388532638549805 22436.0
0.1946573257446289 22557.0
0.19543218612670898 22678.0
0.19620585441589355 22799.0
0.196976900100708 22920.0
0.19774127006530762 23041.0
0.19851207733154297 23162.0
0.1992790699005127 23283.0
0.20003724098205566 23405.0
0.20079421997070312 23527.0
0.2015550136566162 23649.0
0.20233702659606934 23771.0
0.20310521125793457 23893.0
0.20386815071105957 24015.0
0.20462822914123535 24137.0
0.20538830757141113 24259.0
0.2061464786529541 24381.0
0.2069087028503418 24503.0
0.20766997337341309 24625.0
0.20843815803527832 24748.0
0.2091975212097168 24871.0
0.20995283126831055 24994.0
0.21070241928100586 25117.0
0.21145915985107422 25240.0
0.21221566200256348 25363.0
0.21297144889831543 25486.0
0.21372032165527344 25609.0
0.21447515487670898 25732.0
0.21522927284240723 25855.0
0.21598005294799805 25979.0
0.21673226356506348 26103.0
0.21748971939086914 26227.0
0.21824383735656738 26351.0
0.21899724006652832 26475.0
0.2197411060333252 26599.0
0.22049188613891602 26723.0
0.2212386131286621 26847.0
0.2219846248626709 26971.0
0.22272229194641113 27096.0
0.22346878051757812 27221.0
0.22421526908874512 27346.0
0.22496914863586426 27471.0
0.22570466995239258 27596.0
0.22645211219787598 27721.0
0.22719502449035645 27846.0
0.22793889045715332 27971.0
0.22867274284362793 28096.0
0.2294156551361084 28221.0
0.23015332221984863 28347.0
0.23089313507080078 28473.0
0.2316274642944336 28599.0
0.23236441612243652 28725.0
0.23310518264770508 28851.0
0.23383259773254395 28977.0
0.23456764221191406 29104.0
0.23530197143554688 29231.0
0.23603153228759766 29358.0
0.23675966262817383 29485.0
0.2374897003173828 29612.0
0.2382187843322754 29739.0
0.23895764350891113 29866.0
0.23967933654785156 29993.0
0.24040913581848145 30120.0
0.2411363124847412 30247.0
0.24186038970947266 30374.0
0.2425844669342041 30502.0
0.24331235885620117 30630.0
0.24404072761535645 30758.0
0.24475908279418945 30886.0
0.24548578262329102 31014.0
0.24620366096496582 31142.0
0.24692583084106445 31270.0
0.24764394760131836 31398.0
0.2483654022216797 31526.0
0.2490849494934082 31654.0
0.24979758262634277 31783.0
0.2505176067352295 31912.0
0.25124430656433105 32041.0
0.25195956230163574 32170.0
0.25267648696899414 32299.0
0.25339293479919434 32428.0
0.2541060447692871 32557.0
0.25481653213500977 32686.0
0.25553083419799805 32816.0
0.25625014305114746 32946.0
0.25696468353271484 33076.0
0.2576711177825928 33206.0
0.25838637351989746 33336.0
0.25910353660583496 33466.0
0.259807825088501 33596.0
0.26051783561706543 33727.0
0.26122355461120605 33858.0
0.2619318962097168 33989.0
0.2628767490386963 34120.0
0.26358532905578613 34251.0
0.2642948627471924 34382.0
0.2649977207183838 34514.0
0.2657003402709961 34646.0
0.26640915870666504 34778.0
0.2671198844909668 34910.0
0.2678201198577881 35042.0
0.268526554107666 35174.0
0.26923179626464844 35306.0
0.26993727684020996 35438.0
0.27063584327697754 35570.0
0.2713353633880615 35702.0
0.2720329761505127 35835.0
0.27272725105285645 35968.0
0.2734262943267822 36101.0
0.2741248607635498 36234.0
0.28475475311279297 36367.0
0.28553199768066406 36500.0
0.2862386703491211 36633.0
0.28693485260009766 36766.0
0.28762364387512207 36899.0
0.2883169651031494 37032.0
0.28900790214538574 37165.0
0.28969430923461914 37299.0
0.2903861999511719 37433.0
0.29107189178466797 37567.0
0.2917513847351074 37701.0
0.292433500289917 37835.0
0.2931201457977295 37969.0
0.29380154609680176 38104.0
0.29448604583740234 38239.0
0.2951700687408447 38374.0
0.2958517074584961 38509.0
0.2965354919433594 38644.0
0.29722023010253906 38779.0
0.29790234565734863 38914.0
0.29857349395751953 39049.0
0.2992568016052246 39184.0
0.29993367195129395 39319.0
0.30060911178588867 39455.0
0.30129027366638184 39591.0
0.30196404457092285 39727.0
0.30263662338256836 39863.0
0.3033108711242676 39999.0
0.3039836883544922 40135.0
0.30466413497924805 40271.0
0.30533909797668457 40407.0
0.3060181140899658 40543.0
0.30669498443603516 40679.0
0.307373046875 40815.0
0.30805158615112305 40951.0
0.30872273445129395 41087.0
0.3094058036804199 41223.0
0.31008124351501465 41359.0
0.31075239181518555 41496.0
0.311431884765625 41633.0
0.31211066246032715 41770.0
0.3127775192260742 41907.0
0.3134474754333496 42044.0
0.3141212463378906 42181.0
0.3147866725921631 42318.0
0.3154599666595459 42455.0
0.31612658500671387 42592.0
0.3167903423309326 42729.0
0.3174622058868408 42866.0
0.31813573837280273 43004.0
0.3188011646270752 43142.0
0.3194742202758789 43280.0
0.320143461227417 43419.0
0.32081103324890137 43558.0
0.32148289680480957 43697.0
0.32215023040771484 43836.0
0.3228118419647217 43975.0
0.32347655296325684 44114.0
0.3241410255432129 44253.0
0.3247997760772705 44392.0
0.3254659175872803 44532.0
0.3261268138885498 44672.0
0.3267862796783447 44812.0
0.32744407653808594 44952.0
0.32810521125793457 45092.0
0.32875919342041016 45232.0
0.32941484451293945 45372.0
0.3300666809082031 45513.0
0.33072447776794434 45654.0
0.33138132095336914 45795.0
0.33204197883605957 45936.0
0.33272886276245117 46077.0
0.33338403701782227 46218.0
0.33404064178466797 46359.0
0.3346834182739258 46500.0
0.33533692359924316 46641.0
0.33598947525024414 46782.0
0.3366377353668213 46924.0
0.33728814125061035 47066.0
0.337935209274292 47208.0
0.3385763168334961 47350.0
0.3392343521118164 47492.0
0.3398740291595459 47634.0
0.3405115604400635 47776.0
0.3411524295806885 47918.0
0.34178638458251953 48060.0
0.3424336910247803 48202.0
0.34307122230529785 48344.0
0.343707799911499 48486.0
0.3443472385406494 48628.0
0.3449869155883789 48770.0
0.34562230110168457 48913.0
0.3462638854980469 49056.0
0.34689760208129883 49199.0
0.3475308418273926 49342.0
0.34816670417785645 49485.0
0.348797082901001 49628.0
0.34943652153015137 49771.0
0.3500685691833496 49914.0
0.3506934642791748 50057.0
0.3513212203979492 50200.0
0.35195064544677734 50344.0
0.35257530212402344 50488.0
0.35320568084716797 50632.0
0.3538241386413574 50776.0
0.3544473648071289 50920.0
0.3550727367401123 51064.0
0.35569238662719727 51208.0
0.35631752014160156 51352.0
0.35694098472595215 51497.0
0.35756421089172363 51642.0
0.35819149017333984 51787.0
0.3588113784790039 51932.0
0.3594357967376709 52077.0
0.3600599765777588 52223.0
0.3606712818145752 52369.0
0.36129140853881836 52515.0
0.36191558837890625 52661.0
0.3625302314758301 52807.0
0.36315059661865234 52953.0
0.36376333236694336 53099.0
0.3643770217895508 53245.0
0.3649914264678955 53391.0
0.3655970096588135 53537.0
0.3662121295928955 53683.0
0.3668203353881836 53830.0
0.3674294948577881 53977.0
0.3680384159088135 54124.0
0.36864447593688965 54271.0
0.36925458908081055 54418.0
0.36986398696899414 54565.0
0.3704667091369629 54712.0
0.371074914932251 54859.0
0.3716776371002197 55006.0
0.3722875118255615 55154.0
0.372891902923584 55302.0
0.3734896183013916 55450.0
0.37409377098083496 55598.0
0.37469935417175293 55746.0
0.3753080368041992 55894.0
0.3759138584136963 56043.0
0.3765115737915039 56192.0
0.37711501121520996 56341.0
0.37770986557006836 56490.0
0.37831592559814453 56639.0
0.37891674041748047 56788.0
0.37951064109802246 56937.0
0.38010692596435547 57086.0
0.38069844245910645 57235.0
0.38129568099975586 57384.0
0.38189220428466797 57533.0
0.38248181343078613 57682.0
0.38307833671569824 57831.0
0.3836638927459717 57980.0
0.3842616081237793 58129.0
0.38486480712890625 58278.0
0.38544726371765137 58427.0
0.3860440254211426 58577.0
0.38663172721862793 58727.0
0.3872263431549072 58877.0
0.3878166675567627 59027.0
0.3884122371673584 59177.0
0.38900136947631836 59327.0
0.3895862102508545 59477.0
0.39017415046691895 59627.0
0.390761137008667 59777.0
0.3913559913635254 59927.0
0.39194273948669434 60077.0
0.39252161979675293 60227.0
0.39310407638549805 60377.0
0.39368343353271484 60527.0
0.3942685127258301 60678.0
0.39484214782714844 60829.0
0.39542293548583984 60980.0
0.39600372314453125 61131.0
0.40642690658569336 61282.0
0.407085657119751 61433.0
0.4076576232910156 61584.0
0.4082319736480713 61735.0
0.40880346298217773 61886.0
0.4093804359436035 62037.0
0.4099547863006592 62188.0
0.41052937507629395 62339.0
0.4111006259918213 62491.0
0.4116692543029785 62643.0
0.4122436046600342 62795.0
0.41280651092529297 62947.0
0.413379430770874 63099.0
0.4139378070831299 63251.0
0.41449809074401855 63403.0
0.41506385803222656 63555.0
0.41562485694885254 63707.0
0.41619229316711426 63859.0
0.41675472259521484 64011.0
0.41731715202331543 64164.0
0.41788196563720703 64317.0
0.4184396266937256 64470.0
0.4190073013305664 64623.0
0.4195675849914551 64776.0
0.42012476921081543 64929.0
0.4206807613372803 65082.0
0.42124223709106445 65235.0
0.4217956066131592 65389.0
0.42235374450683594 65543.0
0.4229099750518799 65697.0
0.42345762252807617 65851.0
0.4240124225616455 66005.0
0.42456555366516113 66159.0
0.42511415481567383 66313.0
0.4256594181060791 66467.0
0.4262123107910156 66621.0
0.4267592430114746 66776.0
0.42731595039367676 66931.0
0.4278676509857178 67086.0
0.42841672897338867 67241.0
0.4289679527282715 67396.0
0.42951083183288574 67551.0
0.43005800247192383 67706.0
0.43059611320495605 67861.0
0.43114519119262695 68016.0
0.4316856861114502 68171.0
0.43222641944885254 68326.0
0.4327690601348877 68481.0
0.43331480026245117 68636.0
0.43384742736816406 68792.0
0.4343905448913574 68948.0
0.4349324703216553 69104.0
0.43546366691589355 69260.0
0.4360029697418213 69416.0
0.4365355968475342 69572.0
0.4370768070220947 69728.0
0.437610387802124 69884.0
0.4381437301635742 70040.0
0.4386751651763916 70196.0
0.4392085075378418 70352.0
0.43973517417907715 70508.0
0.44027185440063477 70665.0
0.4407997131347656 70822.0
0.44133615493774414 70979.0
0.44187283515930176 71136.0
0.4423975944519043 71293.0
0.4429295063018799 71450.0
0.4434518814086914 71608.0
0.44398021697998047 71766.0
0.4445009231567383 71924.0
0.44503045082092285 72082.0
0.4455537796020508 72240.0
0.4460792541503906 72398.0
0.446596622467041 72556.0
0.44712042808532715 72714.0
0.44763731956481934 72872.0
0.44815850257873535 73030.0
0.44867444038391113 73188.0
0.44919800758361816 73347.0
0.44971132278442383 73506.0
0.45023012161254883 73665.0
0.45073843002319336 73824.0
0.45125865936279297 73983.0
0.45177149772644043 74142.0
0.4522850513458252 74301.0
0.45279693603515625 74460.0
0.4533193111419678 74619.0
0.45383524894714355 74778.0
0.4543468952178955 74937.0
0.45485877990722656 75097.0
0.45536231994628906 75257.0
0.45588207244873047 75417.0
0.45638370513916016 75577.0
0.4568955898284912 75737.0
0.4574007987976074 75897.0
0.45791101455688477 76057.0
0.4584183692932129 76218.0
0.45893239974975586 76379.0
0.45943546295166016 76540.0
0.4599440097808838 76701.0
0.4604475498199463 76862.0
0.4609525203704834 77023.0
0.4614531993865967 77184.0
0.4619591236114502 77345.0
0.46245765686035156 77506.0
0.46296095848083496 77667.0
0.46346545219421387 77828.0
0.46396303176879883 77989.0
0.4644606113433838 78150.0
0.46495866775512695 78311.0
0.4654562473297119 78472.0
0.4659883975982666 78633.0
0.466449499130249 78794.0
0.466947078704834 78955.0
0.4674718379974365 79117.0
0.46793508529663086 79279.0
0.4684288501739502 79441.0
0.4689605236053467 79603.0
0.46941614151000977 79765.0
0.4699134826660156 79927.0
0.47043466567993164 80089.0
0.4708902835845947 80252.0
0.4713776111602783 80415.0
0.4719109535217285 80578.0
0.4723632335662842 80741.0
0.47284626960754395 80904.0
0.4733731746673584 81067.0
0.47382402420043945 81230.0
0.4743075370788574 81393.0
0.4748232364654541 81556.0
0.47527098655700684 81720.0
0.47574687004089355 81884.0
0.47626686096191406 82048.0
0.47671031951904297 82212.0
0.47719335556030273 82376.0
0.4777059555053711 82540.0
0.4781491756439209 82704.0
0.4786229133605957 82868.0
0.47913479804992676 83033.0
0.47957420349121094 83198.0
0.48005223274230957 83364.0
0.4805595874786377 83530.0
0.4810009002685547 83696.0
0.4814746379852295 83862.0
0.4819793701171875 84028.0
0.48241186141967773 84194.0
0.48288416862487793 84360.0
0.4833860397338867 84526.0
0.48381757736206055 84692.0
0.48428916931152344 84858.0
0.4847886562347412 85024.0
0.485227108001709 85190.0
0.485689640045166 85357.0
0.4861922264099121 85524.0
0.4866199493408203 85691.0
0.48708128929138184 85858.0
0.4875757694244385 86025.0
0.4880044460296631 86192.0
0.4884657859802246 86359.0
0.4889688491821289 86527.0
0.4893937110900879 86695.0
0.48984646797180176 86863.0
0.49034738540649414 87031.0
0.490769624710083 87199.0
0.49123358726501465 87367.0
0.4917175769805908 87535.0
0.4921407699584961 87703.0
0.492598295211792 87871.0
0.4930877685546875 88039.0
0.49350476264953613 88208.0
0.4939584732055664 88377.0
0.4944472312927246 88546.0
0.49486756324768066 88715.0
0.4953184127807617 88884.0
0.4957997798919678 89053.0
0.5061099529266357 89222.0
0.5066661834716797 89391.0
0.5071556568145752 89560.0
0.5075681209564209 89730.0
0.5080242156982422 89900.0
0.5085055828094482 90070.0
0.5089237689971924 90240.0
0.5093667507171631 90410.0
0.5098626613616943 90580.0
0.5102710723876953 90750.0
0.5107100009918213 90920.0
0.5111982822418213 91091.0
0.5116074085235596 91262.0
0.5120573043823242 91433.0
0.5125324726104736 91604.0
0.5129504203796387 91775.0
0.5133993625640869 91946.0
0.5138812065124512 92117.0
0.5142803192138672 92288.0
0.514711856842041 92459.0
0.5151922702789307 92630.0
0.515589714050293 92802.0
0.5160279273986816 92974.0
0.5164923667907715 93146.0
0.5168955326080322 93318.0
0.5173258781433105 93490.0
0.5177912712097168 93662.0
0.5181875228881836 93834.0
0.5186154842376709 94006.0
0.5190675258636475 94178.0
0.5194580554962158 94350.0
0.5198931694030762 94522.0
0.5203506946563721 94695.0
0.5207414627075195 94868.0
0.5211582183837891 95041.0
0.5216095447540283 95214.0
0.5220034122467041 95387.0
0.5224239826202393 95560.0
0.5228767395019531 95733.0
0.5232622623443604 95906.0
0.523686408996582 96079.0
0.5241525173187256 96252.0
0.5245347023010254 96425.0
0.5249559879302979 96598.0
0.5253949165344238 96771.0
0.525775671005249 96945.0
0.5261919498443604 97119.0
0.5266265869140625 97293.0
0.5270121097564697 97467.0
0.527418851852417 97641.0
0.5278472900390625 97815.0
0.5282301902770996 97989.0
0.5286359786987305 98163.0
0.5290679931640625 98338.0
0.5294427871704102 98513.0
0.529897928237915 98688.0
0.5303447246551514 98863.0
0.530724287033081 99038.0
0.5311284065246582 99213.0
0.5315637588500977 99388.0
0.5319454669952393 99563.0
0.532346248626709 99738.0
0.5327770709991455 99913.0
0.5331535339355469 100088.0
0.5335538387298584 100263.0
0.5339970588684082 100439.0
0.5343623161315918 100615.0
0.5347611904144287 100791.0
0.535203218460083 100967.0
0.5355689525604248 101143.0
0.5359675884246826 101319.0
0.5363941192626953 101495.0
0.5367584228515625 101671.0
0.5371618270874023 101847.0
0.5375840663909912 102024.0
0.5379502773284912 102201.0
0.538344144821167 102378.0
0.5387723445892334 102555.0
0.5391442775726318 102732.0
0.5395364761352539 102909.0
0.5399696826934814 103086.0
0.5403263568878174 103263.0
0.5407156944274902 103441.0
0.5411410331726074 103619.0
0.5414958000183105 103797.0
0.5418925285339355 103975.0
0.542313814163208 104153.0
0.5426664352416992 104331.0
0.5430600643157959 104509.0
0.5434715747833252 104687.0
0.5438203811645508 104866.0
0.5442080497741699 105045.0
0.544621467590332 105224.0
0.5449762344360352 105403.0
0.5453498363494873 105583.0
0.5457572937011719 105763.0
0.5461130142211914 105943.0
0.5464880466461182 106123.0
0.5469086170196533 106303.0
0.5472514629364014 106483.0
0.5476219654083252 106663.0
0.5480315685272217 106843.0
0.5483717918395996 107023.0
0.5487425327301025 107203.0
0.549161434173584 107383.0
0.5495014190673828 107563.0
0.5498747825622559 107743.0
0.5502746105194092 107924.0
0.5506112575531006 108105.0
0.5509853363037109 108286.0
0.551382303237915 108467.0
0.5517148971557617 108648.0
0.5520894527435303 108829.0
0.5524861812591553 109010.0
0.5528180599212646 109191.0
0.5531871318817139 109373.0
0.5535812377929688 109555.0
0.5539162158966064 109737.0
0.554276704788208 109919.0
0.5546736717224121 110101.0
0.5550076961517334 110283.0
0.5553691387176514 110465.0
0.5557568073272705 110647.0
0.5560855865478516 110829.0
0.5564422607421875 111012.0
0.5568332672119141 111195.0
0.557161808013916 111378.0
0.5575220584869385 111561.0
0.5579149723052979 111744.0
0.5582365989685059 111927.0
0.5585842132568359 112110.0
0.5589783191680908 112293.0
0.5592968463897705 112476.0
0.5596449375152588 112660.0
0.5600318908691406 112844.0
0.5603499412536621 113028.0
0.5607032775878906 113212.0
0.5610909461975098 113396.0
0.5614047050476074 113580.0
0.5617523193359375 113764.0
0.562138557434082 113948.0
0.5624532699584961 114132.0
0.5627989768981934 114317.0
0.5631811618804932 114502.0
0.5634918212890625 114687.0
0.5638396739959717 114872.0
0.5642220973968506 115057.0
0.5645301342010498 115242.0
0.5648729801177979 115427.0
0.5652434825897217 115612.0
0.5655496120452881 115797.0
0.5658938884735107 115982.0
0.5662693977355957 116167.0
0.5665750503540039 116353.0
0.5669140815734863 116539.0
0.567286491394043 116725.0
0.5675890445709229 116911.0
0.5679314136505127 117097.0
0.5683047771453857 117283.0
0.5686061382293701 117469.0
0.5689444541931152 117655.0
0.5693149566650391 117841.0
0.569612979888916 118027.0
0.5699462890625 118213.0
0.5703134536743164 118399.0
0.570610523223877 118585.0
0.5709457397460938 118771.0
0.5713090896606445 118957.0
0.5716054439544678 119143.0
0.5719382762908936 119329.0
0.5722978115081787 119516.0
0.5725893974304199 119703.0
0.5729241371154785 119890.0
0.5732815265655518 120077.0
0.5735704898834229 120264.0
0.5838136672973633 120451.0
0.5842263698577881 120639.0
0.5845162868499756 120827.0
0.5848314762115479 121015.0
0.5851719379425049 121203.0
0.5854578018188477 121391.0
0.585768461227417 121579.0
0.5861263275146484 121767.0
0.5864129066467285 121955.0
0.5867242813110352 122143.0
0.5870773792266846 122331.0
0.587357759475708 122520.0
0.5877060890197754 122709.0
0.5879907608032227 122898.0
0.5883371829986572 123087.0
0.5886142253875732 123276.0
0.5889711380004883 123465.0
0.5892496109008789 123654.0
0.5895960330963135 123843.0
0.5898749828338623 124032.0
0.5902209281921387 124221.0
0.5904951095581055 124410.0
0.5908353328704834 124599.0
0.5911149978637695 124788.0
0.5914604663848877 124977.0
0.5917336940765381 125167.0
0.5920794010162354 125357.0
0.5923495292663574 125547.0
0.5926914215087891 125737.0
0.592968225479126 125927.0
0.5933027267456055 126117.0
0.5935685634613037 126307.0
0.5939078330993652 126498.0
0.5941777229309082 126689.0
0.5945115089416504 126880.0
0.5947756767272949 127071.0
0.5951149463653564 127262.0
0.5953783988952637 127453.0
0.5957074165344238 127644.0
0.5959732532501221 127835.0
0.596304178237915 128026.0
0.5965650081634521 128217.0
0.5968985557556152 128408.0
0.5971570014953613 128599.0
0.5974814891815186 128791.0
0.5977401733398438 128983.0
0.5980703830718994 129175.0
0.5983262062072754 129367.0
0.5986523628234863 129559.0
0.5989108085632324 129751.0
0.5992302894592285 129943.0
0.5994820594787598 130136.0
0.5998010635375977 130329.0
0.6000576019287109 130522.0
0.6003806591033936 130715.0
0.6006307601928711 130908.0
0.6009533405303955 131101.0
0.6012060642242432 131294.0
0.6015229225158691 131487.0
0.601768970489502 131680.0
0.6020877361297607 131874.0
0.602332592010498 132068.0
0.6026458740234375 132262.0
0.6028947830200195 132456.0
0.6032066345214844 132650.0
0.6034491062164307 132844.0
0.6037614345550537 133038.0
0.6040055751800537 133232.0
0.6043121814727783 133426.0
0.6045513153076172 133620.0
0.604865312576294 133814.0
0.605107307434082 134008.0
0.6054129600524902 134203.0
0.6056520938873291 134398.0
0.6059620380401611 134593.0
0.6061973571777344 134788.0
0.606499195098877 134983.0
0.6067345142364502 135178.0
0.6070411205291748 135373.0
0.6072726249694824 135568.0
0.6075704097747803 135764.0
0.607802152633667 135960.0
0.6081078052520752 136156.0
0.6083364486694336 136352.0
0.6086363792419434 136548.0
0.6088709831237793 136744.0
0.6091680526733398 136941.0
0.6093959808349609 137138.0
0.6096913814544678 137335.0
0.609929084777832 137532.0
0.6102252006530762 137729.0
0.6104495525360107 137926.0
0.6107456684112549 138123.0
0.6109731197357178 138320.0
0.6112644672393799 138517.0
0.6114857196807861 138714.0
0.6117813587188721 138911.0
0.6120059490203857 139108.0
0.6122965812683105 139306.0
0.6125166416168213 139504.0
0.6128056049346924 139702.0
0.6130282878875732 139900.0
0.6133146286010742 140098.0
0.6135299205780029 140296.0
0.6138143539428711 140494.0
0.61403489112854 140692.0
0.6143178939819336 140890.0
0.6145303249359131 141088.0
0.6148104667663574 141286.0
0.6150271892547607 141485.0
0.615307092666626 141684.0
0.6155180931091309 141883.0
0.615797758102417 142082.0
0.6160118579864502 142281.0
0.6162869930267334 142480.0
0.616492509841919 142679.0
0.6167685985565186 142878.0
0.6169788837432861 143078.0
0.6172516345977783 143278.0
0.6174571514129639 143478.0
0.6177289485931396 143678.0
0.6179389953613281 143878.0
0.6182124614715576 144078.0
0.6184170246124268 144278.0
0.6186861991882324 144478.0
0.6188919544219971 144678.0
0.619164228439331 144878.0
0.6193633079528809 145078.0
0.6196298599243164 145279.0
0.6198275089263916 145480.0
0.6200985908508301 145681.0
0.6202936172485352 145882.0
0.6205611228942871 146083.0
0.6207549571990967 146284.0
0.6210269927978516 146485.0
0.6212198734283447 146686.0
0.6214828491210938 146888.0
0.6396987438201904 146889.0
0.9035370349884033 146890.0
3.3540139198303223 146891.0
20.45421266555786 146892.0
116.6109209060669 146893.0
711.1043722629547 146894.0
3317.7112646102905 146895.0