0.002579212188720703 651.0
0.002788066864013672 1300.0
0.0029900074005126953 1941.0
0.0031931400299072266 2495.0
0.0033981800079345703 2873.0
0.0036001205444335938 3559.0
0.003801107406616211 3857.0
0.0040628910064697266 4125.0
0.004264116287231445 5044.0
0.0044651031494140625 5828.0
0.004658937454223633 6411.0
0.004859209060668945 7296.0
0.005053281784057617 7985.0
0.005246877670288086 8154.0
0.0054399967193603516 8802.0
0.00563812255859375 9716.0
0.005838155746459961 10566.0
0.006036043167114258 11529.0
0.006237983703613281 12228.0
0.006433963775634766 13116.0
0.0066301822662353516 13637.0
0.006825923919677734 14137.0
0.007025241851806641 14768.0
0.0072209835052490234 15559.0
0.0074160099029541016 16435.0
0.00761103630065918 17294.0
0.007812023162841797 18042.0
0.008008241653442383 18947.0
0.008202075958251953 19437.0
0.008773088455200195 20149.0
0.008967161178588867 20919.0
0.009160280227661133 21818.0
0.009353876113891602 22301.0
0.009554147720336914 22885.0
0.00974893569946289 23840.0
0.009945154190063477 24819.0
0.010139226913452148 25589.0
0.010332107543945312 26587.0
0.010528087615966797 27277.0
0.010720968246459961 28188.0
0.010917186737060547 29046.0
0.011110067367553711 30032.0
0.011301040649414062 30083.0
0.011493206024169922 30829.0
0.011682987213134766 31740.0
0.011875152587890625 32697.0
0.012067079544067383 33359.0
0.012257099151611328 34064.0
0.012446880340576172 34282.0
0.012636184692382812 34976.0
0.01282501220703125 35791.0
0.013015031814575195 36675.0
0.013203859329223633 37232.0
0.013396024703979492 37822.0
0.013585090637207031 38017.0
0.01377415657043457 38747.0
0.013962030410766602 39706.0
0.014152288436889648 40580.0
0.014366865158081055 41104.0
0.014566183090209961 42101.0
0.014754056930541992 43055.0
0.014941930770874023 43825.0
0.015133857727050781 44107.0
0.015321016311645508 45091.0
0.015507221221923828 45848.0
0.01569819450378418 46737.0
0.01588296890258789 47529.0
0.016072988510131836 48514.0
0.016258955001831055 49057.0
0.01644420623779297 49847.0
0.01662898063659668 50808.0
0.016817092895507812 51579.0
0.017001867294311523 51663.0
0.017187118530273438 52497.0
0.017370223999023438 53115.0
0.017554283142089844 53778.0
0.017737865447998047 54649.0
0.017920970916748047 55571.0
0.01810312271118164 56410.0
0.018287181854248047 57123.0
0.018470048904418945 57959.0
0.01865220069885254 58845.0
0.01883697509765625 59400.0
0.019036054611206055 60124.0
0.019221067428588867 60798.0
0.01940608024597168 61666.0
0.019587993621826172 62307.0
0.019773244857788086 62758.0
0.019954204559326172 63343.0
0.02013421058654785 64324.0
0.020313024520874023 65311.0
0.020493030548095703 66265.0
0.020676136016845703 66782.0
0.020856142044067383 67608.0
0.021034955978393555 68496.0
0.021214008331298828 69292.0
0.0213930606842041 70081.0
0.021572113037109375 70730.0
0.021750926971435547 71414.0
0.021928071975708008 72311.0
0.022106170654296875 72674.0
0.022283077239990234 73585.0
0.0224611759185791 74423.0
0.022639036178588867 75125.0
0.022819042205810547 75907.0
0.022995948791503906 76743.0
0.02317214012145996 77308.0
0.02334904670715332 77529.0
0.023524045944213867 78002.0
0.02369999885559082 78414.0
0.02387714385986328 79414.0
0.024053096771240234 79766.0
0.024567127227783203 80335.0
0.02503228187561035 81277.0
0.025235891342163086 82087.0
0.025416135787963867 83017.0
0.025589942932128906 83406.0
0.025770902633666992 84294.0
0.025945186614990234 85200.0
0.026122093200683594 86102.0
0.026296138763427734 87045.0
0.02646923065185547 87890.0
0.0266420841217041 88643.0
0.02681708335876465 89574.0
0.0269930362701416 90250.0
0.02716517448425293 91067.0
0.027337074279785156 92037.0
0.02750992774963379 92662.0
0.02768421173095703 93390.0
0.027856111526489258 93836.0
0.028027057647705078 94795.0
0.0281982421875 95340.0
0.02836918830871582 95661.0
0.028539180755615234 95745.0
0.02871227264404297 96103.0
0.028882265090942383 97010.0
0.029053211212158203 97219.0
0.029223203659057617 97475.0
0.02939319610595703 98277.0
0.02956104278564453 98658.0
0.029734134674072266 99405.0
0.02990412712097168 100357.0
0.030073165893554688 101145.0
0.03025197982788086 101900.0
0.03042006492614746 102566.0
0.03058910369873047 103542.0
0.030755996704101562 104089.0
0.03092193603515625 104929.0
0.031089067459106445 105890.0
0.03125500679016113 106533.0
0.03142189979553223 107475.0
0.03158712387084961 108128.0
0.03175497055053711 108553.0
0.0319211483001709 109048.0
0.032087087631225586 109525.0
0.032253265380859375 109819.0
0.03241896629333496 110460.0
0.032586097717285156 111391.0
0.03275108337402344 112333.0
0.03291606903076172 113132.0
0.033083200454711914 113799.0
0.03325009346008301 114666.0
0.03342008590698242 115057.0
0.03358316421508789 115340.0
0.03374624252319336 116000.0
0.03391313552856445 116363.0
0.03407788276672363 116792.0
0.0342409610748291 117462.0
0.0344080924987793 118078.0
0.034570932388305664 118692.0
0.03473305702209473 119623.0
0.03489518165588379 120140.0
0.035056114196777344 120983.0
0.0352170467376709 121496.0
0.03537726402282715 122136.0
0.0355381965637207 123075.0
0.03569817543029785 123639.0
0.035858154296875 124586.0
0.03601884841918945 125044.0
0.0361781120300293 125622.0
0.03666520118713379 126275.0
0.03701615333557129 127115.0
0.03732919692993164 127867.0
0.037641048431396484 128409.0
0.03795599937438965 129257.0
0.03826713562011719 129989.0
0.03857707977294922 130973.0
0.03888511657714844 131829.0
0.039193153381347656 132688.0
0.03956913948059082 133556.0
0.03988814353942871 133780.0
0.04020404815673828 134755.0
0.040508270263671875 135013.0
0.04084610939025879 135142.0
0.04114985466003418 135986.0
0.04146099090576172 136605.0
0.04176902770996094 137499.0
0.04208517074584961 138358.0
0.04239010810852051 138576.0
0.04276609420776367 139496.0
0.04306507110595703 140483.0
0.043459177017211914 141194.0
0.043756961822509766 142181.0
0.04406404495239258 142965.0
0.044370174407958984 143568.0
0.044706106185913086 143963.0
0.04485821723937988 144389.0
0.04692506790161133 145239.0
0.04707908630371094 146234.0
0.04723310470581055 146828.0
0.04738616943359375 147246.0
0.04753899574279785 148146.0
0.047692060470581055 148956.0
0.04784512519836426 149860.0
0.047997236251831055 150317.0
0.04814887046813965 150338.0
0.048300981521606445 150920.0
0.04845309257507324 151490.0
0.04860424995422363 152409.0
0.04875493049621582 153043.0
0.048915863037109375 153972.0
0.049067020416259766 154125.0
0.04921913146972656 154747.0
0.049369096755981445 155685.0
0.04951906204223633 156180.0
0.04966902732849121 156983.0
0.04981803894042969 157544.0
0.04996824264526367 158265.0
0.05012011528015137 159021.0
0.05026984214782715 159721.0
0.05041813850402832 160119.0
0.0505671501159668 160284.0
0.05071520805358887 160769.0
0.050863027572631836 161649.0
0.0510101318359375 162122.0
0.05115699768066406 163108.0
0.05130410194396973 163959.0
0.05145406723022461 164663.0
0.05160021781921387 165365.0
0.05174708366394043 166073.0
0.051923274993896484 166403.0
0.05207228660583496 167089.0
0.05221915245056152 167997.0
0.052369117736816406 168837.0
0.05251502990722656 169478.0
0.05265998840332031 170212.0
0.052805185317993164 171126.0
0.05294990539550781 171344.0
0.053095102310180664 172261.0
0.05324912071228027 172686.0
0.05339789390563965 173291.0
0.053542137145996094 173659.0
0.053693294525146484 174459.0
0.05383801460266113 174494.0
0.05398106575012207 175115.0
0.054125070571899414 175996.0
0.05426907539367676 176580.0
0.05441093444824219 177519.0
0.05455303192138672 178193.0
0.05469512939453125 178839.0
0.05483698844909668 178967.0
0.05509305000305176 179917.0
0.05546212196350098 180527.0
0.05573296546936035 181107.0
0.05603909492492676 181907.0
0.0563199520111084 182265.0
0.05671215057373047 182978.0
0.05697989463806152 183670.0
0.05724000930786133 184382.0
0.057492971420288086 185279.0
0.05774521827697754 186063.0
0.058003902435302734 186468.0
0.058257102966308594 187055.0
0.058537960052490234 187967.0
0.0587921142578125 188878.0
0.059040069580078125 189004.0
0.059288978576660156 189679.0
0.05953621864318848 190443.0
0.059783220291137695 190613.0
0.06002998352050781 191260.0
0.06027793884277344 191637.0
0.06068015098571777 192582.0
0.060925960540771484 192835.0
0.06117701530456543 193689.0
0.061422109603881836 194675.0
0.06166696548461914 195292.0
0.06190991401672363 196221.0
0.06215023994445801 196977.0
0.062417030334472656 197411.0
0.06265711784362793 197755.0
0.06291604042053223 198375.0
0.06315112113952637 198554.0
0.06348109245300293 199008.0
0.06362009048461914 199646.0
0.06375503540039062 200217.0
0.06389021873474121 200988.0
0.0640251636505127 201885.0
0.06416010856628418 202611.0
0.06429314613342285 203261.0
0.06442999839782715 204073.0
0.06456398963928223 204985.0
0.0646982192993164 205881.0
0.0648341178894043 206510.0
0.0649709701538086 206861.0
0.06510400772094727 207672.0
0.06523895263671875 208115.0
0.06537508964538574 208931.0
0.06551003456115723 209589.0
0.06564021110534668 210145.0
0.06577110290527344 210677.0
0.06590104103088379 211010.0
0.06603217124938965 211901.0
0.06616497039794922 212699.0
0.06629705429077148 213531.0
0.06642723083496094 214232.0
0.06656002998352051 214833.0
0.06668901443481445 215357.0
0.0668189525604248 215643.0
0.06694698333740234 216326.0
0.06707620620727539 217105.0
0.06720709800720215 218014.0
0.06733512878417969 219006.0
0.06746506690979004 219630.0
0.06759214401245117 220454.0
0.0677180290222168 221194.0
0.06784415245056152 222165.0
0.06797313690185547 222697.0
0.06810212135314941 223486.0
0.06823301315307617 223818.0
0.06836104393005371 224694.0
0.06848621368408203 225266.0
0.06861209869384766 225461.0
0.0687401294708252 226164.0
0.06886696815490723 227067.0
0.06899094581604004 227707.0
0.06911516189575195 228373.0
0.06923913955688477 229032.0
0.06936287879943848 229623.0
0.0694880485534668 230489.0
0.0696110725402832 230772.0
0.06973505020141602 231750.0
0.06986117362976074 232426.0
0.06998491287231445 233270.0
0.07010722160339355 234243.0
0.07022905349731445 234952.0
0.07035112380981445 235218.0
0.07047295570373535 236151.0
0.07067012786865234 236783.0
0.0709071159362793 237347.0
0.07110905647277832 238261.0
0.07131314277648926 238363.0
0.07155299186706543 239197.0
0.07174801826477051 239795.0
0.07194113731384277 240677.0
0.07223105430603027 241286.0
0.07242703437805176 242160.0
0.07261991500854492 243116.0
0.07281088829040527 243875.0
0.07307696342468262 244279.0
0.07326698303222656 244939.0
0.07345414161682129 245159.0
0.07364201545715332 246119.0
0.07382917404174805 246745.0
0.07401490211486816 246987.0
0.07422995567321777 247303.0
0.07441520690917969 247823.0
0.0746002197265625 248520.0
0.07478594779968262 248926.0
0.07496905326843262 249559.0
0.0751500129699707 250535.0
0.07533407211303711 251479.0
0.07552313804626465 252440.0
0.07570314407348633 252935.0
0.07588720321655273 253544.0
0.0760800838470459 254335.0
0.0763099193572998 254846.0
0.07649111747741699 255347.0
0.07668018341064453 256135.0
0.07685708999633789 256574.0
0.07703208923339844 257123.0
0.07722902297973633 257654.0
0.07740306854248047 258530.0
0.08252310752868652 259072.0
0.08265113830566406 259411.0
0.08277130126953125 260378.0
0.08288311958312988 260703.0
0.08299803733825684 260935.0
0.08310914039611816 261677.0
0.08322310447692871 262343.0
0.08333611488342285 262978.0
0.0834500789642334 263641.0
0.08356404304504395 263825.0
0.08367419242858887 264774.0
0.0837869644165039 265739.0
0.08389902114868164 265950.0
0.08400726318359375 266657.0
0.08411908149719238 267000.0
0.08423113822937012 267846.0
0.08433985710144043 268705.0
0.08444905281066895 269427.0
0.08456015586853027 270167.0
0.0846719741821289 270835.0
0.08478307723999023 271453.0
0.08489108085632324 272451.0
0.08500099182128906 273288.0
0.08510684967041016 274157.0
0.08521389961242676 274432.0
0.0853261947631836 274976.0
0.08543610572814941 275454.0
0.0855410099029541 276371.0
0.08610105514526367 276376.0
0.08699607849121094 276447.0
0.08883404731750488 276452.0
0.09317398071289062 276457.0
