0.001238107681274414 649.0
0.0013229846954345703 1290.0
0.0014040470123291016 1844.0
0.001483917236328125 2427.0
0.0015652179718017578 3116.0
0.001644134521484375 3616.0
0.0017230510711669922 4407.0
0.0018019676208496094 5266.0
0.0018801689147949219 6014.0
0.001964092254638672 6784.0
0.0020470619201660156 7683.0
0.0021250247955322266 8681.0
0.0022020339965820312 9592.0
0.002279996871948242 10450.0
0.002357006072998047 11361.0
0.0024330615997314453 11918.0
0.00251007080078125 12113.0
0.0025899410247802734 12843.0
0.002665996551513672 13802.0
0.0027420520782470703 14756.0
0.0028181076049804688 15526.0
0.002894163131713867 15808.0
0.002969026565551758 16792.0
0.003047943115234375 17681.0
0.0031239986419677734 18471.0
0.003198862075805664 19089.0
0.0032739639282226562 19752.0
0.0033478736877441406 20623.0
0.0034220218658447266 21545.0
0.003495931625366211 22384.0
0.0035719871520996094 23220.0
0.0036458969116210938 24106.0
0.0037190914154052734 24830.0
0.0037920475006103516 25817.0
0.0038640499114990234 26334.0
0.0039370059967041016 27160.0
0.004007816314697266 28048.0
0.004080057144165039 28411.0
0.004151105880737305 29249.0
0.006818056106567383 30031.0
0.0070340633392333984 30596.0
0.007187843322753906 30817.0
0.007336854934692383 31817.0
0.0074880123138427734 32386.0
0.007634878158569336 33292.0
0.007796049118041992 34235.0
0.007943868637084961 35166.0
0.008088111877441406 35612.0
0.008283138275146484 36571.0
0.008426904678344727 37116.0
0.008572816848754883 37200.0
0.008716106414794922 38107.0
0.008860111236572266 38909.0
0.009058952331542969 39861.0
0.009155035018920898 40649.0
0.009224891662597656 41315.0
0.009293079376220703 42291.0
0.009362936019897461 43252.0
0.009429931640625 43729.0
0.00949716567993164 44023.0
0.00956416130065918 44664.0
0.009633064270019531 45463.0
0.00970005989074707 46123.0
0.009766101837158203 46552.0
0.009835004806518555 47168.0
0.009901046752929688 48099.0
0.00996708869934082 49038.0
0.010030984878540039 49602.0
0.010096073150634766 50549.0
0.010162830352783203 51202.0
0.01022791862487793 51954.0
0.010293960571289062 52496.0
0.010358095169067383 53344.0
0.010424137115478516 54076.0
0.010488033294677734 54932.0
0.010550975799560547 55156.0
0.01061391830444336 55414.0
0.010675907135009766 56033.0
0.010738134384155273 56892.0
0.01080012321472168 57110.0
0.010864019393920898 57821.0
0.010926008224487305 58216.0
0.010988950729370117 58810.0
0.011049985885620117 59710.0
0.011111259460449219 60614.0
0.011171102523803711 61071.0
0.01123189926147461 61641.0
0.011292219161987305 62560.0
0.011352062225341797 63489.0
0.011410951614379883 63984.0
0.011471033096313477 64684.0
0.011529922485351562 65169.0
0.01158905029296875 66049.0
0.011647939682006836 66751.0
0.011708259582519531 67659.0
0.011767148971557617 68499.0
0.011826276779174805 69140.0
0.01188516616821289 69874.0
0.011948108673095703 70092.0
0.01200723648071289 71009.0
0.012069225311279297 71809.0
0.012129068374633789 72483.0
0.01218724250793457 73129.0
0.012243986129760742 73257.0
0.012304067611694336 73867.0
0.01236104965209961 74559.0
0.012415885925292969 75271.0
0.012472152709960938 76168.0
0.012529134750366211 76952.0
0.01258397102355957 77864.0
0.012639045715332031 77990.0
0.012694120407104492 78754.0
0.012748956680297852 79131.0
0.012803077697753906 80076.0
0.012858152389526367 80329.0
0.01291203498840332 80763.0
0.012966156005859375 81489.0
0.013020038604736328 82139.0
0.013074159622192383 83051.0
0.013130903244018555 83680.0
0.01318502426147461 84123.0
0.01323699951171875 84781.0
0.013289928436279297 85613.0
0.013341903686523438 86584.0
0.013397932052612305 87287.0
0.013453960418701172 87878.0
0.01351022720336914 88744.0
0.013563156127929688 89420.0
0.013618230819702148 90264.0
0.013670206069946289 91197.0
0.01429605484008789 91829.0
0.014347076416015625 92393.0
0.014397859573364258 92495.0
0.014448165893554688 93093.0
0.014497041702270508 93975.0
0.014549970626831055 94849.0
0.014599084854125977 95805.0
0.014651060104370117 96209.0
0.014703035354614258 96869.0
0.014755010604858398 97089.0
0.014809131622314453 98049.0
0.014857053756713867 98291.0
0.014906167984008789 98607.0
0.014952898025512695 99127.0
0.015005826950073242 99824.0
0.015057086944580078 100230.0
0.015104055404663086 101206.0
0.015154838562011719 102167.0
0.015202045440673828 102776.0
0.01524806022644043 103567.0
0.01529383659362793 104078.0
0.01534414291381836 104866.0
0.01538991928100586 105415.0
0.015442848205566406 105957.0
0.015487909317016602 106924.0
0.015537261962890625 107156.0
0.015583038330078125 107898.0
0.01562809944152832 108564.0
0.015671968460083008 108775.0
0.015716075897216797 109482.0
0.015761137008666992 110328.0
0.016041994094848633 110341.0
0.016474008560180664 110480.0
0.021720170974731445 110547.0
0.022010087966918945 110625.0
