0.0024421215057373047 40.0
0.002635955810546875 69.0
0.002804994583129883 93.0
0.002975940704345703 180.0
0.003144979476928711 271.0
0.0033140182495117188 288.0
0.0034859180450439453 355.0
0.003654956817626953 371.0
0.003822803497314453 462.0
0.003990888595581055 531.0
0.0041599273681640625 598.0
0.004326820373535156 684.0
0.004498004913330078 743.0
0.0046689510345458984 835.0
0.004835844039916992 947.0
0.005002021789550781 993.0
0.005168914794921875 1047.0
0.0053348541259765625 1104.0
0.0055010318756103516 1209.0
0.005669832229614258 1227.0
0.005838871002197266 1263.0
0.006006002426147461 1338.0
0.006170988082885742 1423.0
0.006335020065307617 1543.0
0.006504058837890625 1637.0
0.006668806076049805 1706.0
0.00683283805847168 1797.0
0.006997108459472656 1873.0
0.00716090202331543 1929.0
0.00769805908203125 2052.0
0.007864952087402344 2160.0
0.008028984069824219 2288.0
0.008193016052246094 2372.0
0.008355855941772461 2463.0
0.00851893424987793 2485.0
0.008684158325195312 2608.0
0.008857965469360352 2747.0
0.009027957916259766 2840.0
0.009196043014526367 2867.0
0.009361028671264648 3010.0
0.009528875350952148 3130.0
0.009690999984741211 3243.0
0.009851932525634766 3362.0
0.010015010833740234 3423.0
0.010175943374633789 3554.0
0.010335922241210938 3651.0
0.010498762130737305 3698.0
0.010658740997314453 3830.0
0.010820865631103516 3978.0
0.010980844497680664 4123.0
0.011139869689941406 4218.0
0.011298894882202148 4356.0
0.011456966400146484 4436.0
0.01161503791809082 4555.0
0.011772871017456055 4711.0
0.01193094253540039 4775.0
0.012088775634765625 4875.0
0.012246131896972656 5030.0
0.012404918670654297 5165.0
0.012562036514282227 5255.0
0.012718915939331055 5388.0
0.01287984848022461 5542.0
0.013037919998168945 5603.0
0.013194084167480469 5711.0
0.01335287094116211 5745.0
0.013508796691894531 5900.0
0.013664007186889648 5941.0
0.013818979263305664 6069.0
0.01397395133972168 6138.0
0.014127969741821289 6265.0
0.014282941818237305 6376.0
0.01443791389465332 6511.0
0.014590978622436523 6635.0
0.014746904373168945 6807.0
0.014900922775268555 6969.0
0.01505279541015625 7110.0
0.015205860137939453 7192.0
0.015358924865722656 7362.0
0.015511751174926758 7469.0
0.015663862228393555 7527.0
0.015820026397705078 7659.0
0.015974998474121094 7828.0
0.01612710952758789 7948.0
0.0162808895111084 7996.0
0.01643085479736328 8087.0
0.016582965850830078 8256.0
0.016746044158935547 8408.0
0.01689600944519043 8479.0
0.017049789428710938 8607.0
0.017199993133544922 8719.0
0.017353057861328125 8900.0
0.017503023147583008 9083.0
0.01765298843383789 9209.0
0.017802000045776367 9267.0
0.017950057983398438 9441.0
0.018097877502441406 9576.0
0.018245935440063477 9661.0
0.018393993377685547 9845.0
0.018542766571044922 9993.0
0.018690824508666992 10126.0
0.018837928771972656 10223.0
0.01898813247680664 10324.0
0.019138813018798828 10469.0
0.019286155700683594 10626.0
0.019437789916992188 10764.0
0.019583940505981445 10881.0
0.01973104476928711 11071.0
0.019877910614013672 11239.0
0.020023822784423828 11313.0
0.02016901969909668 11499.0
0.02031397819519043 11695.0
0.02045893669128418 11873.0
0.020602941513061523 12040.0
0.020746946334838867 12208.0
0.02089095115661621 12216.0
0.021034955978393555 12368.0
0.02118086814880371 12508.0
0.02132582664489746 12701.0
0.0214688777923584 12838.0
0.021612167358398438 12928.0
0.021754980087280273 13121.0
0.02189803123474121 13238.0
0.02203989028930664 13401.0
0.022186994552612305 13489.0
0.02232980728149414 13695.0
0.022470951080322266 13796.0
0.022614002227783203 13992.0
0.022758960723876953 14047.0
0.022900104522705078 14128.0
0.02304387092590332 14272.0
0.023185014724731445 14426.0
0.023324966430664062 14502.0
0.02346491813659668 14635.0
0.02360391616821289 14816.0
0.02374410629272461 14888.0
0.02388310432434082 15041.0
0.024022817611694336 15155.0
0.024161815643310547 15298.0
0.024300098419189453 15373.0
0.024438142776489258 15580.0
0.02457594871520996 15776.0
0.024713993072509766 15971.0
0.02485203742980957 16188.0
0.024990081787109375 16310.0
0.025126934051513672 16423.0
0.025264978408813477 16573.0
0.025401830673217773 16787.0
0.025539875030517578 16999.0
0.02567887306213379 17184.0
0.025815725326538086 17358.0
0.02595210075378418 17545.0
0.026087045669555664 17777.0
0.02622389793395996 17972.0
0.02635979652404785 18182.0
0.026494979858398438 18372.0
0.026629924774169922 18604.0
0.026764869689941406 18753.0
0.026901960372924805 18983.0
0.02704000473022461 19228.0
0.027174949645996094 19363.0
0.027310848236083984 19608.0
0.02744603157043457 19680.0
0.02757883071899414 19929.0
0.027712106704711914 20074.0
0.027844905853271484 20292.0
0.027979135513305664 20445.0
0.028111934661865234 20498.0
0.0282440185546875 20733.0
0.02837991714477539 20809.0
0.028522968292236328 20847.0
0.028657913208007812 20989.0
0.028792858123779297 21215.0
0.028923988342285156 21401.0
0.029057025909423828 21596.0
0.029186725616455078 21784.0
0.02931690216064453 21890.0
0.029446840286254883 22097.0
0.02957606315612793 22123.0
0.029710769653320312 22345.0
0.029842853546142578 22502.0
0.029972076416015625 22631.0
0.03010106086730957 22797.0
0.030232906341552734 23015.0
0.030360937118530273 23242.0
0.030488967895507812 23421.0
0.03061676025390625 23670.0
0.030743837356567383 23829.0
0.030870914459228516 24023.0
0.031000852584838867 24228.0
0.031128883361816406 24398.0
0.03125786781311035 24653.0
0.031384944915771484 24901.0
0.031511783599853516 24981.0
0.031638145446777344 25205.0
0.031767845153808594 25288.0
0.03189396858215332 25482.0
0.03201889991760254 25693.0
0.03214907646179199 25833.0
0.03227400779724121 26088.0
0.03239893913269043 26209.0
0.03252291679382324 26384.0
0.032646894454956055 26593.0
0.03277087211608887 26726.0
0.03289389610290527 26919.0
0.03301692008972168 27044.0
0.033139944076538086 27175.0
0.03326296806335449 27395.0
0.03544306755065918 27501.0
0.035585880279541016 27759.0
0.03571295738220215 28003.0
0.035839080810546875 28184.0
0.035965919494628906 28427.0
0.03608894348144531 28663.0
0.036210060119628906 28838.0
0.036332130432128906 28955.0
0.036453962326049805 29128.0
0.03657388687133789 29319.0
0.03669881820678711 29610.0
0.03692293167114258 29760.0
0.03705596923828125 29872.0
0.03717684745788574 30102.0
0.037297964096069336 30232.0
0.037420034408569336 30362.0
0.03754281997680664 30593.0
0.037663936614990234 30881.0
0.03778386116027832 30988.0
0.037904977798461914 31232.0
0.038023948669433594 31420.0
0.038147926330566406 31447.0
0.038266897201538086 31729.0
0.038388967514038086 32009.0
0.03850984573364258 32251.0
0.03862786293029785 32363.0
0.038745880126953125 32584.0
0.03886604309082031 32866.0
0.03898286819458008 32959.0
0.03910398483276367 33074.0
0.039224863052368164 33296.0
0.03934073448181152 33472.0
0.03946089744567871 33784.0
0.039578914642333984 34012.0
0.039694786071777344 34050.0
0.039810895919799805 34354.0
0.039927005767822266 34652.0
0.040045738220214844 34922.0
0.040161848068237305 35183.0
0.04027986526489258 35471.0
0.04039502143859863 35641.0
0.040509939193725586 35922.0
0.04062390327453613 36187.0
0.04073786735534668 36462.0
0.040853023529052734 36744.0
0.04096794128417969 36968.0
0.04108095169067383 37111.0
0.04119396209716797 37293.0
0.0413057804107666 37550.0
0.041419029235839844 37716.0
0.041532039642333984 37980.0
0.04164481163024902 38280.0
0.04175591468811035 38590.0
0.041867971420288086 38725.0
0.04197883605957031 38903.0
0.04209494590759277 39177.0
0.0422060489654541 39461.0
0.042320966720581055 39570.0
0.04243206977844238 39851.0
0.0425417423248291 40056.0
0.04265093803405762 40299.0
0.042764902114868164 40592.0
0.042874813079833984 40863.0
0.0429840087890625 40981.0
0.043092966079711914 41197.0
0.04320096969604492 41349.0
0.043309926986694336 41643.0
0.043419837951660156 41846.0
0.043530941009521484 42108.0
0.043640851974487305 42391.0
0.04375100135803223 42630.0
0.04385995864868164 42941.0
0.04396796226501465 43112.0
0.044075965881347656 43372.0
0.04418373107910156 43639.0
0.04428982734680176 43663.0
0.044397830963134766 43959.0
0.04450273513793945 44238.0
0.04514479637145996 44270.0
0.04744601249694824 44354.0
0.2180800437927246 44356.0
