0.0032508373260498047 101.0
0.003460407257080078 202.0
0.0036385059356689453 305.0
0.0038139820098876953 408.0
0.003993988037109375 513.0
0.0041713714599609375 618.0
0.004351615905761719 723.0
0.004527091979980469 830.0
0.004700422286987305 937.0
0.004872560501098633 1045.0
0.005045413970947266 1153.0
0.005224704742431641 1261.0
0.005399465560913086 1370.0
0.0055696964263916016 1479.0
0.005739688873291016 1588.0
0.005913496017456055 1697.0
0.006082296371459961 1807.0
0.006250619888305664 1917.0
0.006423473358154297 2027.0
0.006594657897949219 2137.0
0.006760597229003906 2248.0
0.0069277286529541016 2361.0
0.0070950984954833984 2475.0
0.0072634220123291016 2589.0
0.007428169250488281 2704.0
0.007590532302856445 2819.0
0.007752180099487305 2935.0
0.007917165756225586 3051.0
0.008078575134277344 3167.0
0.008239269256591797 3284.0
0.008404731750488281 3401.0
0.008563756942749023 3518.0
0.008722782135009766 3635.0
0.008881330490112305 3753.0
0.009040117263793945 3871.0
0.009199857711791992 3990.0
0.009359598159790039 4109.0
0.009516477584838867 4228.0
0.009669780731201172 4348.0
0.009824037551879883 4468.0
0.009977579116821289 4588.0
0.010130643844604492 4709.0
0.010288000106811523 4830.0
0.010442733764648438 4952.0
0.01059269905090332 5074.0
0.010741949081420898 5197.0
0.010893821716308594 5321.0
0.011042594909667969 5445.0
0.011190414428710938 5570.0
0.011344194412231445 5696.0
0.01149439811706543 5822.0
0.011640787124633789 5949.0
0.011784791946411133 6077.0
0.011930465698242188 6205.0
0.01207423210144043 6333.0
0.012217044830322266 6462.0
0.012363910675048828 6592.0
0.012505531311035156 6722.0
0.012647390365600586 6853.0
0.012786388397216797 6985.0
0.012927532196044922 7117.0
0.013067007064819336 7249.0
0.01320505142211914 7382.0
0.01334691047668457 7515.0
0.013487100601196289 7648.0
0.013622760772705078 7781.0
0.013763189315795898 7914.0
0.013899803161621094 8048.0
0.014033794403076172 8183.0
0.014169454574584961 8318.0
0.014306783676147461 8453.0
0.014439582824707031 8589.0
0.014571189880371094 8725.0
0.014702796936035156 8862.0
0.014837503433227539 9000.0
0.014966964721679688 9139.0
0.015096187591552734 9279.0
0.01522684097290039 9419.0
0.01536417007446289 9560.0
0.015491247177124023 9701.0
0.015618085861206055 9843.0
0.015746355056762695 9985.0
0.015871047973632812 10128.0
0.015994787216186523 10272.0
0.01611924171447754 10416.0
0.016243696212768555 10561.0
0.01636958122253418 10706.0
0.016492366790771484 10852.0
0.01661396026611328 10999.0
0.01673722267150879 11147.0
0.01685786247253418 11296.0
0.016977787017822266 11445.0
0.017095088958740234 11595.0
0.01721334457397461 11745.0
0.0173342227935791 11896.0
0.01745295524597168 12047.0
0.01756882667541504 12199.0
0.01768779754638672 12351.0
0.017803192138671875 12503.0
0.017918109893798828 12655.0
0.018030881881713867 12807.0
0.0181427001953125 12960.0
0.018259763717651367 13113.0
0.01837015151977539 13267.0
0.018480777740478516 13422.0
0.018593788146972656 13578.0
0.020018815994262695 13735.0
0.020140647888183594 13893.0
0.020249605178833008 14051.0
0.020365476608276367 14210.0
0.020473003387451172 14370.0
0.02057957649230957 14530.0
0.020685672760009766 14690.0
0.02079296112060547 14851.0
0.020897865295410156 15012.0
0.02100205421447754 15173.0
0.021107196807861328 15336.0
0.021208524703979492 15499.0
0.021313190460205078 15662.0
0.02141404151916504 15826.0
0.0215146541595459 15990.0
0.021619081497192383 16154.0
0.021718263626098633 16318.0
0.02181696891784668 16483.0
0.021914243698120117 16649.0
0.02201056480407715 16815.0
0.022108793258666992 16981.0
0.02220630645751953 17147.0
0.022306203842163086 17313.0
0.022400856018066406 17483.0
0.022496700286865234 17653.0
0.022589683532714844 17824.0
0.022683382034301758 17995.0
0.022777080535888672 18166.0
0.022872447967529297 18337.0
0.02296304702758789 18509.0
0.023053884506225586 18681.0
0.023144960403442383 18854.0
0.023233652114868164 19028.0
0.023324251174926758 19202.0
0.02341151237487793 19376.0
0.023500680923461914 19553.0
0.02358841896057129 19730.0
0.023673534393310547 19909.0
0.02376103401184082 20088.0
0.02384495735168457 20268.0
0.023927927017211914 20448.0
0.02400970458984375 20629.0
0.02409076690673828 20810.0
0.024190664291381836 20992.0
0.024280548095703125 21174.0
0.02436351776123047 21356.0
0.024443626403808594 21538.0
0.02452230453491211 21722.0
0.024601459503173828 21906.0
0.024678468704223633 22092.0
0.02475714683532715 22278.0
0.02483367919921875 22466.0
0.024909496307373047 22654.0
0.024985790252685547 22842.0
0.025059938430786133 23031.0
0.025134563446044922 23220.0
0.025206565856933594 23409.0
0.02528238296508789 23598.0
0.025354385375976562 23787.0
0.025425195693969727 23977.0
0.025496721267700195 24167.0
0.025570154190063477 24357.0
0.025638818740844727 24548.0
0.025707006454467773 24739.0
0.025773286819458008 24930.0
0.025841236114501953 25121.0
0.025910377502441406 25312.0
0.025975704193115234 25504.0
0.026042461395263672 25696.0
0.026108980178833008 25889.0
0.026172161102294922 26083.0
0.02623724937438965 26277.0
0.02630472183227539 26471.0
0.026365280151367188 26665.0
0.02642512321472168 26860.0
0.026484012603759766 27055.0
0.02654409408569336 27250.0
0.026604652404785156 27446.0
0.026662588119506836 27643.0
0.026720285415649414 27840.0
0.026778221130371094 28037.0
0.02683401107788086 28234.0
0.026890277862548828 28431.0
0.026944875717163086 28629.0
0.027004241943359375 28827.0
0.028029918670654297 28828.0
0.029344558715820312 28829.0
0.031267642974853516 28830.0
0.04201221466064453 28831.0
0.057004451751708984 28832.0
0.08174347877502441 28833.0
0.13641929626464844 28834.0
0.21795654296875 28835.0
0.3895242214202881 28836.0
0.6846714019775391 28837.0
1.1111235618591309 28838.0
1.8883635997772217 28839.0
3.2592437267303467 28840.0
5.397995948791504 28841.0
8.936622381210327 28842.0
14.37531065940857 28843.0
22.873886823654175 28844.0
37.37784719467163 28845.0
60.89253354072571 28846.0
99.00281000137329 28847.0
164.27342128753662 28848.0
257.6235373020172 28849.0
392.2035388946533 28850.0
585.191965341568 28851.0
854.7465238571167 28852.0
1482.8446953296661 28853.0
