0.005074262619018555 978.0
0.005607128143310547 1948.0
0.006030082702636719 2599.0
0.00690913200378418 3248.0
0.008010149002075195 3889.0
0.008931159973144531 4443.0
0.009806156158447266 4952.0
0.010675907135009766 5449.0
0.011591196060180664 5846.0
0.01258707046508789 6224.0
0.01345515251159668 6958.0
0.01487112045288086 7678.0
0.017427921295166016 8364.0
0.01790308952331543 8702.0
0.01832413673400879 9000.0
0.01873612403869629 9274.0
0.019145965576171875 9542.0
0.019556045532226562 10078.0
0.019967079162597656 10997.0
0.020377159118652344 11675.0
0.020789146423339844 12353.0
0.021197080612182617 12980.0
0.0216062068939209 13764.0
0.02201700210571289 13960.0
0.022429227828979492 14543.0
0.022838115692138672 15428.0
0.023246049880981445 16117.0
0.02365899085998535 16800.0
0.02406907081604004 16969.0
0.02447795867919922 17464.0
0.02488398551940918 18112.0
0.025290966033935547 19026.0
0.025698184967041016 19313.0
0.02610921859741211 20163.0
0.026515960693359375 20944.0
0.026923179626464844 21463.0
0.028815269470214844 22362.0
0.029871225357055664 22866.0
0.03206300735473633 23240.0
0.032505035400390625 24203.0
0.03291010856628418 24923.0
0.03331613540649414 25622.0
0.033724308013916016 26510.0
0.034934043884277344 27253.0
0.03580021858215332 27774.0
0.036658287048339844 28274.0
0.03750133514404297 28905.0
0.038401126861572266 29696.0
0.03925919532775879 30572.0
0.0404810905456543 31179.0
0.040911197662353516 32038.0
0.04131913185119629 32798.0
0.04171919822692871 33381.0
0.04211831092834473 34129.0
0.042578935623168945 35034.0
0.04298210144042969 35524.0
0.043386220932006836 36086.0
0.04378914833068848 36728.0
0.04418516159057617 36966.0
0.04457497596740723 37678.0
0.04496407508850098 38448.0
0.045352935791015625 39099.0
0.04574418067932129 39384.0
0.046137094497680664 40371.0
0.04652595520019531 41270.0
0.046914100646972656 41753.0
0.047303199768066406 42020.0
0.047953128814697266 42945.0
0.048948049545288086 43935.0
0.04979419708251953 44519.0
0.05128288269042969 45474.0
0.051711082458496094 46421.0
0.052117109298706055 47400.0
0.05250811576843262 48372.0
0.05289816856384277 49340.0
0.05328631401062012 50110.0
0.05367302894592285 51108.0
0.054061174392700195 51798.0
0.054450273513793945 52709.0
0.05483698844909668 53615.0
0.057769060134887695 54501.0
0.058393239974975586 55359.0
0.05877399444580078 55895.0
0.05916023254394531 56684.0
0.05954623222351074 57670.0
0.059931278228759766 58444.0
0.060318946838378906 59269.0
0.06070518493652344 60089.0
0.06108999252319336 60804.0
0.06147623062133789 60855.0
0.061860084533691406 61453.0
0.06224417686462402 62199.0
0.06262826919555664 63110.0
0.06301116943359375 64067.0
0.06339716911315918 64729.0
0.0637822151184082 65363.0
0.0641632080078125 66307.0
0.0645451545715332 67012.0
0.0649271011352539 67841.0
0.0653083324432373 68059.0
0.06569218635559082 68753.0
0.06608009338378906 69568.0
0.0664670467376709 70452.0
0.0668489933013916 71083.0
0.0672292709350586 71640.0
0.06760907173156738 72153.0
0.0679922103881836 72743.0
0.06837201118469238 73212.0
0.06875109672546387 73407.0
0.06913208961486816 74137.0
0.06951022148132324 75096.0
0.06988906860351562 75633.0
0.0702672004699707 76507.0
0.07064604759216309 77031.0
0.07102704048156738 77814.0
0.07140707969665527 78811.0
0.07178497314453125 79106.0
0.07216620445251465 80060.0
0.07254505157470703 80830.0
0.07292318344116211 81474.0
0.0733029842376709 81760.0
0.07368111610412598 82042.0
0.07405805587768555 83026.0
0.07443523406982422 83788.0
0.07481217384338379 83994.0
0.07519006729125977 84777.0
0.07556724548339844 85675.0
0.0759439468383789 86432.0
0.07631802558898926 87415.0
0.07669305801391602 88101.0
0.07706713676452637 88647.0
0.07744407653808594 89536.0
0.07783222198486328 90520.0
0.07820606231689453 91154.0
0.07858109474182129 91946.0
0.07895517349243164 92821.0
0.07932806015014648 93413.0
0.07970094680786133 94401.0
0.08007407188415527 95386.0
0.08045005798339844 96001.0
0.08082413673400879 96093.0
0.08119606971740723 96858.0
0.08157110214233398 97796.0
0.08194208145141602 98339.0
0.08231306076049805 98728.0
0.08268594741821289 99563.0
0.08306002616882324 100353.0
0.08343291282653809 100587.0
0.08380317687988281 101434.0
0.08417510986328125 102395.0
0.08454704284667969 102911.0
0.08492016792297363 103885.0
0.08771991729736328 104656.0
0.08823394775390625 105138.0
0.08861422538757324 106100.0
0.08898401260375977 106326.0
0.0893561840057373 107256.0
0.08972811698913574 107453.0
0.09009909629821777 108128.0
0.0904691219329834 108212.0
0.09468913078308105 109157.0
0.09515905380249023 109705.0
0.09553813934326172 110539.0
0.09591817855834961 111157.0
0.09629225730895996 112118.0
0.09666609764099121 112781.0
0.09704017639160156 113652.0
0.09741902351379395 114574.0
0.0977931022644043 115127.0
0.09816288948059082 115943.0
0.09853315353393555 116782.0
0.09890198707580566 117437.0
0.0992729663848877 118167.0
0.09964799880981445 118880.0
0.10002827644348145 119716.0
0.10040712356567383 120602.0
0.10198497772216797 121157.0
0.10236597061157227 121881.0
0.10273218154907227 122555.0
0.10309600830078125 123118.0
0.10345911979675293 124023.0
0.10382223129272461 124755.0
0.1041860580444336 125730.0
0.10454916954040527 126338.0
0.10491490364074707 127206.0
0.10527729988098145 127921.0
0.10564517974853516 128562.0
0.10600614547729492 129013.0
0.10637021064758301 129556.0
0.10673213005065918 130141.0
0.10709500312805176 131122.0
0.10745811462402344 131816.0
0.1078181266784668 132803.0
0.10817909240722656 133580.0
0.10854816436767578 134537.0
0.10891008377075195 135491.0
0.10927414894104004 136008.0
0.10963726043701172 136834.0
0.10999703407287598 137722.0
0.11035609245300293 138518.0
0.11071610450744629 139291.0
0.11107516288757324 140148.0
0.11147427558898926 140937.0
0.1118321418762207 141703.0
0.11219501495361328 142575.0
0.11255407333374023 143224.0
0.12197613716125488 143908.0
0.12235498428344727 144805.0
0.12272000312805176 145168.0
0.12308621406555176 146000.0
0.12344598770141602 146170.0
0.12380599975585938 147081.0
0.12416720390319824 147799.0
0.1245272159576416 148637.0
0.12488603591918945 149301.0
0.1252422332763672 149777.0
0.12560009956359863 150687.0
0.1259603500366211 151389.0
0.12631607055664062 152171.0
0.12671518325805664 153007.0
0.12707209587097168 153936.0
0.1274280548095703 154501.0
0.12778401374816895 155185.0
0.12814116477966309 155406.0
0.12849712371826172 155887.0
0.12885212898254395 156546.0
0.12920904159545898 157384.0
0.12956523895263672 158099.0
0.12991905212402344 158714.0
0.13027310371398926 159187.0
0.1306290626525879 159640.0
0.13098406791687012 160052.0
0.13133811950683594 161052.0
0.13169527053833008 161404.0
0.1320502758026123 162300.0
0.13240289688110352 163116.0
0.13275432586669922 163388.0
0.13310813903808594 164335.0
0.13346004486083984 165221.0
0.13381314277648926 166161.0
0.13416290283203125 166867.0
0.13451313972473145 167382.0
0.13486409187316895 168124.0
0.13521313667297363 168998.0
0.13556194305419922 169567.0
0.135911226272583 170135.0
0.1362602710723877 171077.0
0.13660693168640137 171887.0
0.13695526123046875 172747.0
0.13730311393737793 173677.0
0.1376509666442871 174066.0
0.13800406455993652 174954.0
0.13836121559143066 175860.0
0.1387171745300293 176670.0
0.13907098770141602 177572.0
0.13942408561706543 178253.0
0.1427171230316162 178472.0
0.143463134765625 179055.0
0.14418506622314453 179998.0
0.1450192928314209 180843.0
0.1457362174987793 181596.0
0.14719009399414062 182527.0
0.14758610725402832 183206.0
0.14794111251831055 183973.0
0.14828801155090332 184649.0
0.14863204956054688 185466.0
0.14897608757019043 186441.0
0.1493210792541504 187411.0
0.1497480869293213 188128.0
0.15009212493896484 188753.0
0.1507282257080078 189100.0
0.1510930061340332 189828.0
0.1514580249786377 190330.0
0.15186715126037598 190811.0
0.15221214294433594 191257.0
0.1525571346282959 192216.0
0.15290117263793945 193069.0
0.15324902534484863 193614.0
0.16683316230773926 194261.0
0.16756725311279297 194871.0
0.16829895973205566 195192.0
0.1690061092376709 195901.0
0.16972112655639648 196154.0
0.17077922821044922 196238.0
0.17148590087890625 197177.0
0.17546606063842773 198063.0
0.17581701278686523 198981.0
0.17617201805114746 199615.0
0.1765141487121582 200063.0
0.17685604095458984 200743.0
0.17719602584838867 201617.0
0.1775360107421875 202391.0
0.17788410186767578 203165.0
0.1782231330871582 203854.0
0.17856311798095703 204116.0
0.17890214920043945 204344.0
0.17924094200134277 204865.0
0.1795811653137207 205223.0
0.17991924285888672 205970.0
0.18026018142700195 206733.0
0.18060016632080078 207366.0
0.1809380054473877 208273.0
0.1812751293182373 208580.0
0.18161320686340332 208789.0
0.18195009231567383 209720.0
0.18228721618652344 210457.0
0.18262314796447754 210713.0
0.18295907974243164 211177.0
0.18329405784606934 212018.0
0.18363213539123535 212239.0
0.18396711349487305 212696.0
0.18430304527282715 213184.0
0.18463897705078125 213986.0
0.18497300148010254 214407.0
0.18530726432800293 215015.0
0.18564105033874512 215997.0
0.1859750747680664 216184.0
0.1863090991973877 216370.0
0.18664288520812988 216737.0
0.18697810173034668 217439.0
0.18731117248535156 217820.0
0.18764328956604004 218792.0
0.18797707557678223 219539.0
0.18831419944763184 219987.0
0.18864893913269043 220493.0
0.18898320198059082 221445.0
0.1893141269683838 222233.0
0.18964719772338867 222988.0
0.18997812271118164 223654.0
0.1903080940246582 224630.0
0.19066214561462402 225177.0
0.1909933090209961 225915.0
0.19132423400878906 226755.0
0.19165420532226562 227678.0
0.1919841766357422 228571.0
0.19842815399169922 229532.0
0.19888520240783691 230343.0
0.19922208786010742 230734.0
0.19955205917358398 231351.0
0.19988298416137695 231994.0
0.2002120018005371 232936.0
0.20054125785827637 233589.0
0.20087027549743652 234014.0
0.20119714736938477 234509.0
0.201524019241333 235357.0
0.20185112953186035 235865.0
0.2021770477294922 236807.0
0.20250415802001953 237284.0
0.20283007621765137 237578.0
0.2031569480895996 238570.0
0.20348310470581055 239211.0
0.20380902290344238 240142.0
0.20413589477539062 240267.0
0.20446109771728516 241209.0
0.2047901153564453 241333.0
0.20511627197265625 242132.0
0.2054431438446045 242683.0
0.20576715469360352 243350.0
0.2060990333557129 244217.0
0.2064220905303955 244608.0
0.20674610137939453 244891.0
0.20706915855407715 245551.0
0.20739412307739258 245914.0
0.2077171802520752 246343.0
0.20804405212402344 247013.0
0.2083582878112793 247629.0
0.20867109298706055 248243.0
0.2089841365814209 248948.0
0.20929718017578125 249879.0
0.20961213111877441 250396.0
0.20992302894592285 250899.0
0.2102363109588623 251334.0
0.2105882167816162 252177.0
0.21091008186340332 252690.0
0.21123003959655762 253556.0
0.21155214309692383 254446.0
0.21187400817871094 255086.0
0.21219706535339355 255869.0
0.21252107620239258 256808.0
0.21284198760986328 257538.0
0.21316194534301758 258273.0
0.21348214149475098 259188.0
0.21380400657653809 260141.0
0.21413111686706543 260705.0
0.2144482135772705 261652.0
0.21476411819458008 262429.0
0.2150871753692627 262887.0
0.21540307998657227 263534.0
0.21571707725524902 264002.0
0.21604108810424805 264482.0
0.21636199951171875 264924.0
0.21667933464050293 265440.0
0.21699929237365723 266383.0
0.2173161506652832 266961.0
0.2176361083984375 267614.0
0.21795415878295898 268428.0
0.21827101707458496 269314.0
0.21858716011047363 269999.0
0.21890521049499512 270136.0
0.2192211151123047 270943.0
0.21953606605529785 271783.0
0.21985507011413574 272437.0
0.22017216682434082 273189.0
0.2204890251159668 273731.0
0.22080421447753906 274579.0
0.22111797332763672 275252.0
0.22143316268920898 275972.0
0.22174906730651855 276704.0
0.22206616401672363 277482.0
0.22237706184387207 278466.0
0.22269105911254883 279322.0
0.2230052947998047 280181.0
0.22331500053405762 280669.0
0.22362804412841797 281537.0
0.2239370346069336 282495.0
0.22424697875976562 282719.0
0.22456026077270508 283694.0
0.22487306594848633 283952.0
0.22518301010131836 284081.0
0.2254941463470459 284925.0
0.22581028938293457 285544.0
0.22612404823303223 286104.0
0.22644829750061035 286476.0
0.22675514221191406 287370.0
0.2270650863647461 288229.0
0.22738099098205566 289088.0
0.22768902778625488 289306.0
0.22800612449645996 290226.0
0.2283163070678711 291213.0
0.22862696647644043 291924.0
0.22893810272216797 292911.0
0.22924327850341797 293695.0
0.2295541763305664 294466.0
0.2298591136932373 295069.0
0.2301650047302246 295940.0
0.23047232627868652 296784.0
0.23078131675720215 297179.0
0.23108816146850586 297605.0
0.23139214515686035 298598.0
0.23169732093811035 299448.0
0.2320101261138916 300022.0
0.232316255569458 301017.0
0.2326211929321289 301611.0
0.23292803764343262 302561.0
0.23323607444763184 303553.0
0.23354125022888184 303995.0
0.23384404182434082 304596.0
0.23414921760559082 305014.0
0.23444914817810059 305914.0
0.23475003242492676 306685.0
0.23504424095153809 307495.0
0.235335111618042 308399.0
0.2356250286102295 308856.0
0.23592019081115723 309488.0
0.23621416091918945 310087.0
0.23650503158569336 310959.0
0.23679423332214355 310980.0
0.23708534240722656 311578.0
0.23737597465515137 312160.0
0.23766112327575684 313125.0
0.23794102668762207 313695.0
0.2382199764251709 314232.0
0.23850011825561523 315151.0
0.23878121376037598 316137.0
0.2390599250793457 316771.0
0.23934316635131836 317700.0
0.2396259307861328 317853.0
0.23990511894226074 318577.0
0.24018311500549316 319199.0
0.24046707153320312 320137.0
0.24075698852539062 320756.0
0.24103927612304688 321434.0
0.24132704734802246 321929.0
0.2416071891784668 322443.0
0.24188518524169922 322966.0
0.24216222763061523 323769.0
0.24244093894958496 324330.0
0.2427201271057129 325051.0
0.2429969310760498 325990.0
0.24327707290649414 326799.0
0.24355196952819824 327555.0
0.24382901191711426 328305.0
0.24410414695739746 329232.0
0.2443830966949463 329615.0
0.24466300010681152 330417.0
0.24493813514709473 331130.0
0.24521708488464355 331237.0
0.24549198150634766 331937.0
0.24576902389526367 332782.0
0.2460460662841797 333180.0
0.24632024765014648 333345.0
0.246596097946167 333830.0
0.246873140335083 334499.0
0.2471461296081543 335379.0
0.24741911888122559 335852.0
0.24769115447998047 336823.0
0.24796605110168457 337580.0
0.24824118614196777 338566.0
0.2485182285308838 339303.0
0.24879002571105957 340154.0
0.24906015396118164 340858.0
0.24933099746704102 341770.0
0.24960732460021973 342472.0
0.2498781681060791 343079.0
0.250150203704834 343787.0
0.25042104721069336 344023.0
0.25069117546081543 344353.0
0.2509629726409912 345295.0
0.251237154006958 345981.0
0.2515132427215576 346889.0
0.2559652328491211 347413.0
0.256256103515625 348253.0
0.2565171718597412 348673.0
0.2567780017852783 349614.0
0.25703907012939453 350255.0
0.25730109214782715 350989.0
0.25756311416625977 351631.0
0.2578260898590088 352545.0
0.25809717178344727 353431.0
0.25846195220947266 353840.0
0.25878405570983887 354258.0
0.25908708572387695 354476.0
0.25940608978271484 355393.0
0.2597041130065918 356236.0
0.2600209712982178 356435.0
0.2603580951690674 356860.0
0.2606971263885498 357809.0
0.2609851360321045 358414.0
0.2612879276275635 359243.0
0.2616281509399414 360153.0
0.2619631290435791 360521.0
0.26224517822265625 361461.0
0.26251220703125 362261.0
0.2627730369567871 362899.0
0.26303791999816895 363262.0
0.26329922676086426 364022.0
0.26356029510498047 364454.0
0.26381421089172363 364779.0
0.2640681266784668 365464.0
0.2643251419067383 366367.0
0.264585018157959 366402.0
0.26483917236328125 367023.0
0.26509523391723633 367870.0
0.26535606384277344 368751.0
0.265606164932251 369335.0
0.26586008071899414 370274.0
0.2661111354827881 370948.0
0.266369104385376 371594.0
0.2666201591491699 372507.0
0.26687002182006836 373074.0
0.2671201229095459 373426.0
0.26737117767333984 374136.0
0.2676231861114502 374264.0
0.2678799629211426 375003.0
0.26813530921936035 375953.0
0.26839113235473633 376563.0
0.2686471939086914 377389.0
0.2689049243927002 378087.0
0.26915717124938965 378667.0
0.26944422721862793 379019.0
0.2696981430053711 379819.0
0.26995110511779785 380369.0
0.2702043056488037 380769.0
0.2704601287841797 381127.0
0.27071213722229004 381774.0
0.27096009254455566 382487.0
0.2712090015411377 383453.0
0.2714560031890869 384285.0
0.2718651294708252 385097.0
0.2721390724182129 385425.0
0.27239513397216797 386055.0
0.2726421356201172 386846.0
0.27289390563964844 387538.0
0.27314209938049316 387790.0
0.2733943462371826 388625.0
0.27364206314086914 389337.0
0.27388691902160645 389612.0
0.27413201332092285 390581.0
0.2743802070617676 391361.0
0.2746281623840332 392157.0
0.27487611770629883 393054.0
0.27512502670288086 393838.0
0.27537107467651367 394140.0
0.27561402320861816 394545.0
0.27585911750793457 395132.0
0.27610325813293457 396044.0
0.27637195587158203 396955.0
0.276630163192749 397541.0
0.27689027786254883 398213.0
0.2771420478820801 398733.0
0.2773890495300293 398859.0
0.27764296531677246 399252.0
0.2779052257537842 399582.0
0.2781550884246826 400257.0
0.27840614318847656 401031.0
0.2786581516265869 402029.0
0.2789120674133301 402793.0
0.279155969619751 403610.0
0.279433012008667 403780.0
0.2796781063079834 404427.0
0.27991604804992676 404804.0
0.28016209602355957 405488.0
0.28041911125183105 406433.0
0.28066515922546387 406686.0
0.28090429306030273 407121.0
0.2811441421508789 407874.0
0.2813880443572998 408610.0
0.2816340923309326 409464.0
0.2818760871887207 410227.0
0.2821192741394043 410966.0
0.2823600769042969 411946.0
0.2826039791107178 412932.0
0.28284215927124023 413549.0
0.2830781936645508 414211.0
0.2833211421966553 415140.0
0.2835571765899658 415896.0
0.2837951183319092 416330.0
0.28403401374816895 416674.0
0.2842750549316406 417294.0
0.2845182418823242 417891.0
0.28475332260131836 418070.0
0.284991979598999 418875.0
0.28523802757263184 419329.0
0.2854750156402588 420192.0
0.28571105003356934 421166.0
0.285952091217041 421938.0
0.2861912250518799 422576.0
0.28642821311950684 423147.0
0.2866702079772949 423918.0
0.28690314292907715 424815.0
0.2871401309967041 425541.0
0.28737711906433105 426348.0
0.2876160144805908 426903.0
0.28785014152526855 427258.0
0.2880830764770508 427731.0
0.2883162498474121 428381.0
0.28854823112487793 429341.0
0.28877997398376465 430153.0
0.2890150547027588 430927.0
0.28925514221191406 431839.0
0.28949403762817383 432735.0
0.28974103927612305 433343.0
0.28998398780822754 433972.0
0.29022812843322754 434323.0
0.29047393798828125 435134.0
0.29071712493896484 435577.0
0.2909660339355469 436388.0
0.2912142276763916 437141.0
0.2914869785308838 438053.0
0.29178500175476074 438869.0
0.2920382022857666 439425.0
0.292269229888916 440085.0
0.2924990653991699 440959.0
0.29273128509521484 441617.0
0.29296422004699707 442189.0
0.29319310188293457 442745.0
0.293424129486084 443137.0
0.2936539649963379 444120.0
0.2938880920410156 444652.0
0.29412007331848145 445531.0
0.29435110092163086 445864.0
0.2945840358734131 446755.0
0.2948131561279297 447553.0
0.2950432300567627 448407.0
0.2952749729156494 449028.0
0.2955031394958496 449860.0
0.2957320213317871 450459.0
0.2959611415863037 451055.0
0.2961909770965576 451756.0
0.2964160442352295 452483.0
0.2966430187225342 453084.0
0.2968771457672119 453608.0
0.2971022129058838 453894.0
0.29732823371887207 454577.0
0.29755425453186035 455356.0
0.2977790832519531 455648.0
0.2980029582977295 456557.0
0.2982311248779297 457549.0
0.2984602451324463 458173.0
0.29868531227111816 458608.0
0.29891300201416016 459117.0
0.29914021492004395 459941.0
0.2993640899658203 460894.0
0.2995939254760742 461634.0
0.29982709884643555 462031.0
0.30452704429626465 463002.0
0.3048110008239746 463337.0
0.3050551414489746 463869.0
0.3052842617034912 464658.0
0.3055102825164795 464692.0
0.3057379722595215 465460.0
0.3059670925140381 466152.0
0.30618906021118164 466484.0
0.3064141273498535 467478.0
0.30664515495300293 468354.0
0.3068690299987793 469122.0
0.3070971965789795 469694.0
0.30731797218322754 469889.0
0.3075430393218994 470218.0
0.30776500701904297 470607.0
0.30798792839050293 471444.0
0.30820727348327637 472147.0
0.30843329429626465 473050.0
0.3086581230163574 473477.0
0.3088812828063965 474117.0
0.3091011047363281 474877.0
0.3093252182006836 475543.0
0.309542179107666 476202.0
0.309765100479126 476793.0
0.30998921394348145 477383.0
0.31021904945373535 478329.0
0.3104441165924072 479162.0
0.3106980323791504 480028.0
0.3109302520751953 480972.0
0.31116604804992676 481255.0
0.31139516830444336 482004.0
0.3116331100463867 482982.0
0.31185197830200195 483658.0
0.3120713233947754 484452.0
0.3122870922088623 485120.0
0.3125030994415283 485964.0
0.31271910667419434 486546.0
0.3129410743713379 487519.0
0.3131570816040039 488198.0
0.31337404251098633 488907.0
0.31358909606933594 489219.0
0.31380724906921387 489485.0
0.3140249252319336 490418.0
0.31424617767333984 490897.0
0.31447505950927734 491562.0
0.3147132396697998 492194.0
0.3149302005767822 493141.0
0.31516432762145996 494004.0
0.3153831958770752 494416.0
0.3155982494354248 495315.0
0.31583619117736816 495879.0
0.316054105758667 496295.0
0.3162670135498047 496903.0
0.3164801597595215 497817.0
0.3166930675506592 497919.0
0.3169059753417969 498722.0
0.3171210289001465 499620.0
0.3173370361328125 500454.0
0.3175501823425293 501052.0
0.3177621364593506 501934.0
0.3179750442504883 502543.0
0.3181910514831543 503417.0
0.3184051513671875 504373.0
0.3186211585998535 505132.0
0.3188350200653076 505549.0
0.3190450668334961 505909.0
0.31926608085632324 506313.0
0.3194851875305176 507194.0
0.3196990489959717 507854.0
0.3199172019958496 508074.0
0.3201310634613037 508910.0
0.32034993171691895 509870.0
0.32056307792663574 510811.0
0.3207721710205078 511325.0
0.3209800720214844 511951.0
0.32118821144104004 512351.0
0.3213949203491211 513312.0
0.32160210609436035 514092.0
0.3218092918395996 514334.0
0.32201504707336426 514650.0
0.3222231864929199 515170.0
0.3224310874938965 515794.0
0.3226439952850342 516541.0
0.3228490352630615 517238.0
0.3230552673339844 518045.0
0.32326412200927734 518451.0
0.3234701156616211 519084.0
0.32367515563964844 520060.0
0.3238809108734131 520569.0
0.32408714294433594 521513.0
0.3242940902709961 521911.0
0.32449817657470703 522872.0
0.32471609115600586 523735.0
0.32492899894714355 524609.0
0.3251383304595947 525104.0
0.32535600662231445 525713.0
0.3255622386932373 526504.0
0.32576823234558105 527015.0
0.3259871006011963 527386.0
0.3262031078338623 527762.0
0.32640719413757324 528263.0
0.3266119956970215 529119.0
0.32681798934936523 530028.0
0.3270261287689209 530816.0
0.32722926139831543 531255.0
0.32743215560913086 532249.0
0.3276381492614746 533170.0
0.3278672695159912 533719.0
0.32808494567871094 534250.0
0.32829904556274414 535126.0
0.32850217819213867 535668.0
0.3287081718444824 536341.0
0.32891011238098145 536880.0
0.32911109924316406 537537.0
0.3293130397796631 537719.0
0.3295130729675293 538105.0
0.32976508140563965 538444.0
0.32996606826782227 539411.0
0.33016514778137207 540203.0
0.3303642272949219 541198.0
0.3305661678314209 541523.0
0.33077096939086914 541755.0
0.33097314834594727 542497.0
0.3311753273010254 543163.0
0.3313782215118408 543798.0
0.33157825469970703 544461.0
0.33177614212036133 544645.0
0.3319821357727051 545332.0
0.3321809768676758 546281.0
0.3323791027069092 547246.0
0.33258509635925293 547457.0
0.33278322219848633 547571.0
0.33298420906066895 548562.0
0.33318400382995605 549022.0
0.33338499069213867 549390.0
0.3335909843444824 550097.0
0.33379411697387695 550804.0
0.33398914337158203 551584.0
0.334183931350708 552166.0
0.3343789577484131 552994.0
0.33457303047180176 553534.0
0.33476924896240234 553877.0
0.33496618270874023 554236.0
0.33516430854797363 555082.0
0.33536219596862793 555941.0
0.3355591297149658 556776.0
0.3357541561126709 557498.0
0.33594799041748047 558192.0
0.33614325523376465 559096.0
0.3363370895385742 559523.0
0.3365302085876465 560510.0
0.33672308921813965 561508.0
0.3369300365447998 562248.0
0.33713197708129883 562916.0
0.337327241897583 563534.0
0.34084415435791016 563604.0
0.3412971496582031 563615.0
0.3462042808532715 563631.0
0.35488319396972656 563647.0
