0.0007612705230712891 40.0
0.0008020401000976562 109.0
0.0008392333984375 176.0
0.0008771419525146484 230.0
0.0009160041809082031 287.0
0.0009500980377197266 392.0
0.0009851455688476562 468.0
0.0010213851928710938 596.0
0.0010561943054199219 719.0
0.0010890960693359375 858.0
0.001129150390625 1001.0
0.0011610984802246094 1120.0
0.0011951923370361328 1215.0
0.0012271404266357422 1295.0
0.0012621879577636719 1385.0
0.0012941360473632812 1540.0
0.0013272762298583984 1581.0
0.0013582706451416016 1709.0
0.0013942718505859375 1850.0
0.0014290809631347656 1932.0
0.001461029052734375 2115.0
0.0014920234680175781 2263.0
0.0015239715576171875 2453.0
0.001554250717163086 2639.0
0.001585245132446289 2817.0
0.001615285873413086 2969.0
0.001646280288696289 3109.0
0.0016751289367675781 3226.0
0.0017049312591552734 3327.0
0.0017333030700683594 3460.0
0.001766204833984375 3641.0
0.0017981529235839844 3853.0
0.0018291473388671875 3906.0
0.0018601417541503906 3982.0
0.0018901824951171875 4170.0
0.0019173622131347656 4327.0
0.0019462108612060547 4486.0
0.0019731521606445312 4680.0
0.0020012855529785156 4904.0
0.002028226852416992 5159.0
0.0020563602447509766 5340.0
0.0020821094512939453 5457.0
0.0021092891693115234 5569.0
0.0021381378173828125 5799.0
0.002165079116821289 5929.0
0.0021932125091552734 6160.0
0.00222015380859375 6448.0
0.002245187759399414 6555.0
0.0022711753845214844 6835.0
0.0022962093353271484 7147.0
0.0023212432861328125 7375.0
0.0023450851440429688 7413.0
0.002370119094848633 7711.0
0.0023941993713378906 7972.0
0.0024192333221435547 8237.0
0.002445220947265625 8494.0
0.002470254898071289 8775.0
0.002496004104614258 9046.0
0.007944345474243164 9050.0
0.009914159774780273 9051.0
0.06625103950500488 9052.0
