0.0014598369598388672 791.0
0.0015201568603515625 1650.0
0.0015747547149658203 2420.0
0.00162506103515625 3331.0
0.0016770362854003906 3526.0
0.0017249584197998047 4480.0
0.0017731189727783203 5250.0
0.0018191337585449219 5532.0
0.0018680095672607422 6421.0
0.00191497802734375 7145.0
0.001964092254638672 8033.0
0.0020079612731933594 8602.0
0.002053976058959961 9545.0
0.0020971298217773438 10476.0
0.0021381378173828125 10922.0
0.0021829605102539062 11874.0
0.0022268295288085938 12540.0
0.002271890640258789 13017.0
0.0023119449615478516 13658.0
0.0023539066314697266 14589.0
0.002396106719970703 15131.0
0.0024340152740478516 15987.0
0.0024700164794921875 16846.0
0.00251007080078125 17303.0
0.002549886703491211 18003.0
0.002588987350463867 18911.0
0.002624034881591797 19711.0
0.0027179718017578125 19839.0
0.0027801990509033203 19965.0
0.0028138160705566406 20729.0
0.0028460025787353516 20982.0
0.002876758575439453 21708.0
0.0029108524322509766 22151.0
0.0029418468475341797 23084.0
0.002971172332763672 23186.0
0.003002166748046875 23784.0
0.003039836883544922 24658.0
0.0030677318572998047 25318.0
0.003098011016845703 25724.0
0.0031239986419677734 26685.0
0.00315093994140625 27294.0
0.0031778812408447266 27836.0
0.003206014633178711 28834.0
0.006288051605224609 28857.0
