0.0005409717559814453 103.0
0.0005669593811035156 208.0
0.0005891323089599609 315.0
0.0006110668182373047 424.0
0.0006339550018310547 533.0
0.0006568431854248047 643.0
0.0006778240203857422 753.0
0.000701904296875 869.0
0.0007228851318359375 986.0
0.0007460117340087891 1106.0
0.0007710456848144531 1230.0
0.0007920265197753906 1355.0
0.0008120536804199219 1483.0
0.0008339881896972656 1612.0
0.0008540153503417969 1742.0
0.0008771419525146484 1873.0
0.0009009838104248047 2007.0
0.0009219646453857422 2150.0
0.0009448528289794922 2296.0
0.0009648799896240234 2444.0
0.0009829998016357422 2596.0
0.0010068416595458984 2754.0
0.0010249614715576172 2914.0
0.0010428428649902344 3075.0
0.0010640621185302734 3238.0
0.0010838508605957031 3403.0
0.0011048316955566406 3569.0
0.001123189926147461 3735.0
0.0011429786682128906 3905.0
0.0011661052703857422 4077.0
0.0011830329895019531 4249.0
0.0011987686157226562 4426.0
0.001219034194946289 4607.0
0.0012412071228027344 4789.0
0.001260995864868164 4975.0
0.0012769699096679688 5163.0
0.0012919902801513672 5353.0
0.0013079643249511719 5543.0
0.0013229846954345703 5734.0
0.0013370513916015625 5925.0
0.0013508796691894531 6118.0
0.0013709068298339844 6312.0
0.0013859272003173828 6506.0
0.0013990402221679688 6703.0
0.0014121532440185547 6900.0
0.0014269351959228516 7098.0
0.0015270709991455078 7099.0
0.0016379356384277344 7100.0
0.0018010139465332031 7101.0
0.0021109580993652344 7102.0
0.0025129318237304688 7103.0
0.0032918453216552734 7104.0
0.0040130615234375 7105.0
0.00577998161315918 7106.0
0.007901906967163086 7107.0
0.010493040084838867 7108.0
0.015761852264404297 7109.0
0.021641969680786133 7110.0
0.036047935485839844 7111.0
0.053922176361083984 7112.0
0.08031105995178223 7113.0
0.1421968936920166 7114.0
0.24244308471679688 7115.0
0.47914600372314453 7116.0
1.0514240264892578 7117.0
