0.0009331703186035156 103.0
0.000982046127319336 206.0
0.0010271072387695312 311.0
0.0010690689086914062 416.0
0.0011131763458251953 523.0
0.0011539459228515625 630.0
0.0011980533599853516 738.0
0.0012390613555908203 847.0
0.0012810230255126953 956.0
0.0013222694396972656 1065.0
0.0013649463653564453 1175.0
0.0014052391052246094 1285.0
0.0014472007751464844 1399.0
0.0014901161193847656 1514.0
0.0015342235565185547 1630.0
0.001577138900756836 1746.0
0.001619100570678711 1863.0
0.001661062240600586 1982.0
0.0017032623291015625 2101.0
0.001741170883178711 2221.0
0.0017859935760498047 2341.0
0.0018260478973388672 2462.0
0.0018663406372070312 2586.0
0.0019040107727050781 2711.0
0.0019419193267822266 2837.0
0.0019822120666503906 2963.0
0.0020241737365722656 3091.0
0.002062082290649414 3220.0
0.002101898193359375 3350.0
0.002140045166015625 3480.0
0.0021779537200927734 3611.0
0.0022161006927490234 3744.0
0.0022530555725097656 3878.0
0.0022881031036376953 4013.0
0.002328157424926758 4153.0
0.0023641586303710938 4294.0
0.002399921417236328 4436.0
0.002434968948364258 4579.0
0.0024712085723876953 4723.0
0.002506256103515625 4868.0
0.002541065216064453 5013.0
0.0025751590728759766 5159.0
0.0026102066040039062 5307.0
0.002643108367919922 5456.0
0.00267791748046875 5606.0
0.002711057662963867 5758.0
0.0027451515197753906 5910.0
0.0027780532836914062 6062.0
0.0028142929077148438 6214.0
0.002847909927368164 6372.0
0.0028820037841796875 6532.0
0.002913951873779297 6692.0
0.0029480457305908203 6853.0
0.0029799938201904297 7014.0
0.003014087677001953 7177.0
0.0030472278594970703 7341.0
0.003080129623413086 7506.0
0.003110170364379883 7672.0
0.003141164779663086 7838.0
0.0031731128692626953 8008.0
0.0032062530517578125 8179.0
0.003238201141357422 8350.0
0.003269195556640625 8522.0
0.003300189971923828 8694.0
0.0033311843872070312 8868.0
0.0033600330352783203 9045.0
0.003389120101928711 9224.0
0.0034182071685791016 9404.0
0.0034470558166503906 9584.0
0.003475189208984375 9765.0
0.003504037857055664 9947.0
0.0035331249237060547 10129.0
0.00356292724609375 10315.0
0.003590106964111328 10501.0
0.003618001937866211 10689.0
0.003645181655883789 10877.0
0.0036721229553222656 11066.0
0.0037450790405273438 11256.0
0.0037741661071777344 11446.0
0.0038001537322998047 11637.0
0.0038270950317382812 11828.0
0.0038521289825439453 12021.0
0.003879070281982422 12215.0
0.0039031505584716797 12409.0
0.003930091857910156 12603.0
0.003954172134399414 12798.0
0.003979921340942383 12993.0
0.004004001617431641 13190.0
0.0040302276611328125 13387.0
0.004054069519042969 13584.0
0.004080057144165039 13781.0
0.004103183746337891 13978.0
0.004127979278564453 14176.0
0.004151105880737305 14374.0
0.004934072494506836 14375.0
0.008127927780151367 14376.0
0.011851072311401367 14377.0
0.02346634864807129 14378.0
0.04110908508300781 14379.0
0.06741499900817871 14380.0
0.1222681999206543 14381.0
0.20734405517578125 14382.0
0.3530712127685547 14383.0
0.6508080959320068 14384.0
1.1758341789245605 14385.0
2.2718851566314697 14386.0
4.710590124130249 14387.0
