0.0028810501098632812 649.0
0.0029799938201904297 1149.0
0.003072977066040039 1940.0
0.003162860870361328 2799.0
0.003253936767578125 3547.0
0.0033409595489501953 4317.0
0.003429889678955078 5315.0
0.0035169124603271484 6226.0
0.0037140846252441406 6421.0
0.0038068294525146484 7375.0
0.003898143768310547 8145.0
0.003982067108154297 8427.0
0.004068136215209961 9316.0
0.004148960113525391 10187.0
0.004233837127685547 11109.0
0.004318952560424805 11945.0
0.0044019222259521484 12669.0
0.00448298454284668 13557.0
0.004565000534057617 13920.0
0.004642963409423828 14485.0
0.004724025726318359 14706.0
0.004804134368896484 15275.0
0.004884004592895508 16218.0
0.0049610137939453125 17149.0
0.0050389766693115234 17595.0
0.005114078521728516 18502.0
0.005193948745727539 19454.0
0.0052678585052490234 20242.0
0.005343914031982422 20908.0
0.005415916442871094 21884.0
0.005490779876708984 22361.0
0.0055620670318603516 23002.0
0.00563502311706543 23801.0
0.0057048797607421875 24230.0
0.006024837493896484 25161.0
0.006131887435913086 26108.0
0.006235837936401367 26650.0
0.006308078765869141 27382.0
0.006373882293701172 28238.0
0.0064470767974853516 28857.0
0.006515979766845703 29716.0
0.0065860748291015625 29934.0
0.006649971008300781 30391.0
0.0067157745361328125 30961.0
0.006777048110961914 31661.0
0.006840944290161133 32146.0
0.006904125213623047 33026.0
0.006968021392822266 33728.0
0.007025957107543945 34636.0
0.00709080696105957 35436.0
0.007149934768676758 35564.0
0.007225990295410156 36276.0
0.007287025451660156 36402.0
0.0073468685150146484 37166.0
0.007405996322631836 38111.0
0.007460117340087891 38364.0
0.0075190067291259766 39090.0
0.0075719356536865234 39533.0
0.007627010345458984 40365.0
0.007678985595703125 41068.0
0.007731914520263672 41659.0
0.0077817440032958984 42525.0
0.00783395767211914 43458.0
0.007887125015258789 43560.0
0.00793910026550293 44158.0
0.007985830307006836 45032.0
0.008034944534301758 45436.0
0.00808095932006836 46096.0
0.008128881454467773 46338.0
0.008176803588867188 46858.0
0.00822901725769043 47555.0
0.008272886276245117 47961.0
0.008318901062011719 48937.0
0.008360862731933594 49898.0
0.008404970169067383 50507.0
0.008445978164672852 51018.0
0.008487939834594727 51567.0
0.008529901504516602 52109.0
0.00860285758972168 52341.0
0.00864410400390625 53048.0
0.008682012557983398 54046.0
0.008838891983032227 54481.0
0.013327836990356445 54503.0
