0.007559537887573242 101.0
0.008035421371459961 202.0
0.008484125137329102 303.0
0.008920669555664062 404.0
0.009671688079833984 505.0
0.010120630264282227 606.0
0.010556936264038086 707.0
0.010991096496582031 809.0
0.011432886123657227 911.0
0.011871814727783203 1013.0
0.012308359146118164 1116.0
0.012743234634399414 1219.0
0.013179302215576172 1322.0
0.013612747192382812 1425.0
0.014046907424926758 1529.0
0.014481067657470703 1633.0
0.014909744262695312 1737.0
0.015340089797973633 1841.0
0.01576995849609375 1945.0
0.016202449798583984 2050.0
0.01662755012512207 2155.0
0.01705479621887207 2260.0
0.01748490333557129 2365.0
0.017910480499267578 2470.0
0.018342971801757812 2576.0
0.01876378059387207 2683.0
0.01919102668762207 2790.0
0.01961350440979004 2897.0
0.0200350284576416 3004.0
0.020491600036621094 3111.0
0.0209195613861084 3219.0
0.021342992782592773 3327.0
0.021763086318969727 3435.0
0.022192716598510742 3543.0
0.02261066436767578 3652.0
0.023026704788208008 3761.0
0.023450374603271484 3870.0
0.023865938186645508 3979.0
0.024283170700073242 4088.0
0.024698734283447266 4198.0
0.025117158889770508 4308.0
0.02553081512451172 4418.0
0.025942564010620117 4528.0
0.026361703872680664 4638.0
0.026772737503051758 4748.0
0.027188539505004883 4858.0
0.027605295181274414 4969.0
0.02801227569580078 5081.0
0.02842426300048828 5193.0
0.02883315086364746 5306.0
0.029246807098388672 5419.0
0.02965068817138672 5533.0
0.030058860778808594 5647.0
0.03046727180480957 5761.0
0.03087139129638672 5875.0
0.031280517578125 5989.0
0.03168344497680664 6103.0
0.03208589553833008 6217.0
0.03249382972717285 6332.0
0.032894134521484375 6447.0
0.033296823501586914 6562.0
0.033696889877319336 6677.0
0.03409886360168457 6792.0
0.0344996452331543 6907.0
0.03489518165588379 7023.0
0.03530168533325195 7139.0
0.03569793701171875 7255.0
0.03609275817871094 7371.0
0.03649330139160156 7487.0
0.036889076232910156 7603.0
0.037287235260009766 7719.0
0.037683963775634766 7835.0
0.038075923919677734 7951.0
0.03847169876098633 8067.0
0.0388643741607666 8183.0
0.039260149002075195 8299.0
0.03965115547180176 8416.0
0.040044546127319336 8533.0
0.04043984413146973 8650.0
0.040828704833984375 8767.0
0.04122424125671387 8884.0
0.04160881042480469 9002.0
0.04199671745300293 9120.0
0.04238629341125488 9238.0
0.04277515411376953 9357.0
0.04316139221191406 9476.0
0.043546199798583984 9595.0
0.04393315315246582 9714.0
0.044319868087768555 9833.0
0.044704437255859375 9952.0
0.04508638381958008 10071.0
0.04546952247619629 10190.0
0.04584908485412598 10310.0
0.04623675346374512 10430.0
0.0466153621673584 10550.0
0.04699230194091797 10670.0
0.04737496376037598 10791.0
0.047751426696777344 10912.0
0.04812955856323242 11033.0
0.04850482940673828 11154.0
0.04888176918029785 11275.0
0.04926323890686035 11397.0
0.04964041709899902 11519.0
0.05001091957092285 11641.0
0.050386905670166016 11763.0
0.05075836181640625 11886.0
0.051138877868652344 12009.0
0.051506996154785156 12132.0
0.05187702178955078 12255.0
0.05225181579589844 12379.0
0.05262112617492676 12503.0
0.05298590660095215 12627.0
0.05335855484008789 12751.0
0.0537261962890625 12875.0
0.054090023040771484 13000.0
0.05446267127990723 13125.0
0.054825782775878906 13250.0
0.05519509315490723 13375.0
0.05555987358093262 13500.0
0.05592203140258789 13625.0
0.056284427642822266 13751.0
0.056647300720214844 13877.0
0.057007789611816406 14004.0
0.05737018585205078 14131.0
0.05772590637207031 14258.0
0.05808687210083008 14385.0
0.05845022201538086 14513.0
0.058807373046875 14641.0
0.05916786193847656 14769.0
0.05952191352844238 14897.0
0.05987715721130371 15025.0
0.06023383140563965 15154.0
0.06058812141418457 15283.0
0.060939788818359375 15413.0
0.06129813194274902 15543.0
0.06164908409118652 15673.0
0.06200003623962402 15803.0
0.06235480308532715 15934.0
0.06270599365234375 16065.0
0.06305670738220215 16196.0
0.06341171264648438 16327.0
0.06376147270202637 16459.0
0.06411266326904297 16591.0
0.06446051597595215 16723.0
0.06480836868286133 16855.0
0.06515669822692871 16987.0
0.06549978256225586 17119.0
0.06584644317626953 17251.0
0.0661921501159668 17384.0
0.06653714179992676 17517.0
0.06688094139099121 17650.0
0.06722593307495117 17783.0
0.0675663948059082 17916.0
0.06790685653686523 18050.0
0.06824922561645508 18184.0
0.06858420372009277 18319.0
0.06892633438110352 18454.0
0.06926727294921875 18589.0
0.06960749626159668 18724.0
0.06994438171386719 18859.0
0.0702826976776123 18994.0
0.0706183910369873 19129.0
0.07095456123352051 19265.0
0.07129096984863281 19401.0
0.0716242790222168 19537.0
0.07195830345153809 19673.0
0.07229423522949219 19810.0
0.07262516021728516 19947.0
0.0729527473449707 20084.0
0.0732889175415039 20221.0
0.07361698150634766 20358.0
0.07394266128540039 20495.0
0.07427668571472168 20632.0
0.07460427284240723 20770.0
0.07493305206298828 20908.0
0.07526421546936035 21047.0
0.07558751106262207 21187.0
0.0759124755859375 21327.0
0.07624149322509766 21467.0
0.07656502723693848 21607.0
0.07688522338867188 21748.0
0.07721066474914551 21889.0
0.07753109931945801 22030.0
0.08307337760925293 22171.0
0.08345746994018555 22312.0
0.08377504348754883 22454.0
0.08409523963928223 22596.0
0.08441662788391113 22738.0
0.08473658561706543 22880.0
0.085052490234375 23022.0
0.0853731632232666 23164.0
0.08568978309631348 23307.0
0.08600378036499023 23450.0
0.08632016181945801 23593.0
0.08663558959960938 23737.0
0.08694839477539062 23881.0
0.0872642993927002 24025.0
0.08758187294006348 24170.0
0.08789205551147461 24315.0
0.08820509910583496 24460.0
0.0885171890258789 24605.0
0.08882617950439453 24751.0
0.08913707733154297 24897.0
0.089447021484375 25043.0
0.08975744247436523 25189.0
0.09006237983703613 25336.0
0.09037637710571289 25483.0
0.09067797660827637 25630.0
0.09098196029663086 25777.0
0.09128832817077637 25924.0
0.09159326553344727 26072.0
0.09189462661743164 26220.0
0.09219908714294434 26369.0
0.09250378608703613 26518.0
0.09280776977539062 26667.0
0.09310770034790039 26816.0
0.09340929985046387 26965.0
0.09370899200439453 27114.0
0.09400796890258789 27263.0
0.09431052207946777 27412.0
0.0946049690246582 27561.0
0.09490180015563965 27710.0
0.09520530700683594 27859.0
0.09549808502197266 28009.0
0.09578990936279297 28159.0
0.0960836410522461 28309.0
0.09637856483459473 28459.0
0.09666848182678223 28609.0
0.09695672988891602 28760.0
0.09725213050842285 28911.0
0.09754085540771484 29062.0
0.09782886505126953 29213.0
0.09812259674072266 29364.0
0.09840774536132812 29515.0
0.09869384765625 29666.0
0.0989840030670166 29817.0
0.0992739200592041 29968.0
0.09955859184265137 30119.0
0.09984612464904785 30271.0
0.10013031959533691 30423.0
0.10041451454162598 30575.0
0.10069751739501953 30727.0
0.10098028182983398 30879.0
0.10126447677612305 31031.0
0.1015477180480957 31183.0
0.10182929039001465 31336.0
0.10211062431335449 31489.0
0.10239219665527344 31642.0
0.10266923904418945 31796.0
0.10294413566589355 31950.0
0.10322141647338867 32104.0
0.10350203514099121 32259.0
0.10377836227416992 32414.0
0.10405278205871582 32569.0
0.10433197021484375 32724.0
0.10460400581359863 32879.0
0.10487747192382812 33034.0
0.10515356063842773 33189.0
0.10542416572570801 33345.0
0.10569238662719727 33501.0
0.10596537590026855 33657.0
0.10623717308044434 33813.0
0.10650396347045898 33970.0
0.10677361488342285 34128.0
0.1070406436920166 34286.0
0.10731196403503418 34444.0
0.10757923126220703 34602.0
0.10784482955932617 34760.0
0.10811090469360352 34918.0
0.10837578773498535 35076.0
0.10864138603210449 35235.0
0.10890436172485352 35394.0
0.10916733741760254 35553.0
0.10943007469177246 35712.0
0.10969161987304688 35871.0
0.10995173454284668 36030.0
0.1102149486541748 36190.0
0.11047220230102539 36350.0
0.11072993278503418 36510.0
0.11099028587341309 36670.0
0.11124968528747559 36830.0
0.11150240898132324 36990.0
0.11175942420959473 37151.0
0.11201333999633789 37312.0
0.11227154731750488 37473.0
0.11252617835998535 37634.0
0.11277937889099121 37795.0
0.11303091049194336 37956.0
0.11328840255737305 38117.0
0.11353540420532227 38279.0
0.1137850284576416 38442.0
0.11403536796569824 38605.0
0.11428952217102051 38768.0
0.11453723907470703 38931.0
0.11478304862976074 39094.0
0.11503052711486816 39258.0
0.11527872085571289 39422.0
0.11552119255065918 39586.0
0.1157689094543457 39750.0
0.11601138114929199 39914.0
0.1162569522857666 40079.0
0.11650490760803223 40244.0
0.11674737930297852 40410.0
0.1169886589050293 40576.0
0.11723828315734863 40742.0
0.11748099327087402 40908.0
0.1177208423614502 41074.0
0.11796283721923828 41240.0
0.11820411682128906 41406.0
0.11844253540039062 41572.0
0.118682861328125 41738.0
0.11891818046569824 41905.0
0.11915898323059082 42072.0
0.11939477920532227 42239.0
0.11963105201721191 42407.0
0.11986327171325684 42575.0
0.12009572982788086 42743.0
0.12033772468566895 42911.0
0.12057375907897949 43080.0
0.12080717086791992 43249.0
0.12103843688964844 43418.0
0.12127256393432617 43587.0
0.12150359153747559 43757.0
0.1217336654663086 43927.0
0.12195968627929688 44097.0
0.12218952178955078 44267.0
0.1224215030670166 44438.0
0.1226506233215332 44609.0
0.12287497520446777 44780.0
0.12310194969177246 44951.0
0.12333035469055176 45122.0
0.12355446815490723 45294.0
0.12378048896789551 45466.0
0.12400102615356445 45638.0
0.12422728538513184 45810.0
0.1244516372680664 45982.0
0.12467217445373535 46154.0
0.12488698959350586 46326.0
0.12510943412780762 46499.0
0.12532949447631836 46672.0
0.12554645538330078 46846.0
0.1257624626159668 47020.0
0.12598156929016113 47194.0
0.12619829177856445 47368.0
0.12641310691833496 47542.0
0.12662816047668457 47717.0
0.12683773040771484 47892.0
0.12704730033874512 48067.0
0.12726545333862305 48243.0
0.12747573852539062 48419.0
0.1276843547821045 48596.0
0.12789630889892578 48773.0
0.12810420989990234 48950.0
0.12831854820251465 49127.0
0.12852692604064941 49304.0
0.12873220443725586 49482.0
0.1289377212524414 49660.0
0.12914633750915527 49838.0
0.14004898071289062 50016.0
0.14029145240783691 50195.0
0.14049863815307617 50374.0
0.14070916175842285 50554.0
0.14091014862060547 50734.0
0.14111328125 50914.0
0.14131760597229004 51094.0
0.14151763916015625 51274.0
0.14171624183654785 51454.0
0.14191508293151855 51635.0
0.14211773872375488 51816.0
0.14231395721435547 51997.0
0.14251232147216797 52178.0
0.14270663261413574 52359.0
0.1428985595703125 52541.0
0.14309477806091309 52723.0
0.14329147338867188 52905.0
0.14348292350769043 53087.0
0.14367270469665527 53269.0
0.14386630058288574 53451.0
0.14405560493469238 53634.0
0.14425063133239746 53818.0
0.1444411277770996 54002.0
0.14463090896606445 54186.0
0.1448225975036621 54370.0
0.14501070976257324 54554.0
0.14519762992858887 54739.0
0.14538168907165527 54924.0
0.1455693244934082 55109.0
0.1457514762878418 55294.0
0.14593505859375 55479.0
0.14612364768981934 55664.0
0.14630579948425293 55849.0
0.1464848518371582 56035.0
0.1466672420501709 56221.0
0.1468496322631836 56407.0
0.14702701568603516 56593.0
0.14721155166625977 56779.0
0.14738941192626953 56965.0
0.14756441116333008 57151.0
0.14774084091186523 57337.0
0.14791512489318848 57523.0
0.14809036254882812 57710.0
0.14826607704162598 57897.0
0.14844107627868652 58085.0
0.14861345291137695 58273.0
0.14878630638122559 58461.0
0.14895868301391602 58649.0
0.14913082122802734 58837.0
0.14929890632629395 59025.0
0.14946913719177246 59214.0
0.14963841438293457 59403.0
0.14980578422546387 59592.0
0.14997172355651855 59781.0
0.15014147758483887 59970.0
0.15030598640441895 60159.0
0.15047359466552734 60348.0
0.1506359577178955 60537.0
0.15079784393310547 60727.0
0.15096187591552734 60917.0
0.15112519264221191 61107.0
0.15128350257873535 61297.0
0.1514434814453125 61488.0
0.15160679817199707 61679.0
0.1517653465270996 61870.0
0.15192365646362305 62061.0
0.15208172798156738 62252.0
0.15224123001098633 62443.0
0.15239667892456055 62634.0
0.1525568962097168 62825.0
0.1527085304260254 63016.0
0.1528637409210205 63207.0
0.15302038192749023 63399.0
0.15317821502685547 63591.0
0.15332818031311035 63783.0
0.15348029136657715 63976.0
0.15362858772277832 64169.0
0.1537768840789795 64362.0
0.15392732620239258 64555.0
0.15407204627990723 64749.0
0.15422582626342773 64943.0
0.154374361038208 65137.0
0.15452075004577637 65331.0
0.1546649932861328 65525.0
0.15480875968933105 65719.0
0.1549532413482666 65913.0
0.15509605407714844 66108.0
0.15523934364318848 66303.0
0.15538573265075684 66498.0
0.15552639961242676 66693.0
0.15566563606262207 66888.0
0.1558074951171875 67084.0
0.1559445858001709 67280.0
0.1560807228088379 67477.0
0.15622401237487793 67674.0
0.15636062622070312 67871.0
0.15649724006652832 68068.0
0.15663433074951172 68265.0
0.1567702293395996 68462.0
0.15690112113952637 68660.0
0.15703415870666504 68858.0
0.15716958045959473 69056.0
0.1573009490966797 69254.0
0.15743803977966309 69452.0
0.15756988525390625 69650.0
0.157698392868042 69848.0
0.15782976150512695 70047.0
0.1579587459564209 70246.0
0.15808582305908203 70445.0
0.15821313858032227 70644.0
0.1583411693572998 70843.0
0.15846562385559082 71043.0
0.15859007835388184 71243.0
0.15871453285217285 71443.0
0.15883684158325195 71643.0
0.15895795822143555 71843.0
0.15908193588256836 72044.0
0.15920472145080566 72245.0
0.15932345390319824 72446.0
0.1627349853515625 72447.0
0.18874573707580566 72448.0
0.28557920455932617 72449.0
0.6503076553344727 72450.0
2.022853136062622 72451.0
5.738760232925415 72452.0
16.47056221961975 72453.0
55.062058448791504 72454.0
165.9365677833557 72455.0
431.29839277267456 72456.0
1112.7679469585419 72457.0
