0.00487208366394043 99.0
0.005230903625488281 176.0
0.0055980682373046875 242.0
0.005948066711425781 301.0
0.006295919418334961 388.0
0.006646156311035156 428.0
0.006999969482421875 467.0
0.0073528289794921875 497.0
0.00770115852355957 526.0
0.008049964904785156 550.0
0.008399009704589844 637.0
0.008747100830078125 728.0
0.009093999862670898 745.0
0.00943899154663086 812.0
0.009784936904907227 828.0
0.011518001556396484 919.0
0.01845097541809082 988.0
0.018812894821166992 1055.0
0.01915907859802246 1147.0
0.01950693130493164 1211.0
0.02018904685974121 1236.0
0.022095918655395508 1322.0
0.02280879020690918 1381.0
0.02352285385131836 1473.0
0.02421402931213379 1549.0
0.024959087371826172 1634.0
0.025654077529907227 1696.0
0.02639174461364746 1805.0
0.027128934860229492 1832.0
0.02791309356689453 1859.0
0.028562068939208984 1932.0
0.028920888900756836 2044.0
0.029263019561767578 2090.0
0.029603958129882812 2182.0
0.029948949813842773 2235.0
0.030295133590698242 2264.0
0.030636072158813477 2360.0
0.030978918075561523 2414.0
0.03132200241088867 2530.0
0.031662940979003906 2587.0
0.03200697898864746 2686.0
0.03234696388244629 2791.0
0.0326848030090332 2809.0
0.03302311897277832 2845.0
0.03336501121520996 2940.0
0.03370499610900879 3015.0
0.0340428352355957 3100.0
0.03438282012939453 3182.0
0.03472113609313965 3296.0
0.035058021545410156 3350.0
0.03539586067199707 3434.0
0.03573203086853027 3532.0
0.036067962646484375 3633.0
0.0364069938659668 3753.0
0.03676199913024902 3838.0
0.03710293769836426 3932.0
0.037442922592163086 4001.0
0.037796974182128906 4074.0
0.0381319522857666 4170.0
0.03847312927246094 4242.0
0.03880786895751953 4333.0
0.039144039154052734 4409.0
0.03947901725769043 4527.0
0.039813995361328125 4588.0
0.040148019790649414 4644.0
0.0404818058013916 4681.0
0.0408170223236084 4805.0
0.04115104675292969 4918.0
0.041487932205200195 5005.0
0.04182314872741699 5128.0
0.04215598106384277 5259.0
0.042488813400268555 5336.0
0.042819976806640625 5444.0
0.043150901794433594 5523.0
0.04348301887512207 5651.0
0.04381394386291504 5782.0
0.04414486885070801 5866.0
0.04447484016418457 5927.0
0.04480910301208496 6018.0
0.04514002799987793 6040.0
0.04546999931335449 6084.0
0.045803070068359375 6168.0
0.04613304138183594 6291.0
0.046463966369628906 6414.0
0.04680204391479492 6464.0
0.04713296890258789 6603.0
0.04746198654174805 6713.0
0.047792911529541016 6806.0
0.048120975494384766 6833.0
0.04845285415649414 6954.0
0.048780202865600586 7001.0
0.049112796783447266 7095.0
0.04944491386413574 7172.0
0.04977273941040039 7249.0
0.05010104179382324 7329.0
0.05042886734008789 7432.0
0.05076003074645996 7561.0
0.0510869026184082 7685.0
0.051412105560302734 7828.0
0.05173802375793457 7961.0
0.052066802978515625 8081.0
0.05239677429199219 8194.0
0.052722930908203125 8297.0
0.05305290222167969 8416.0
0.05338001251220703 8477.0
0.05370497703552246 8608.0
0.05402994155883789 8732.0
0.054364919662475586 8840.0
0.05469179153442383 8967.0
0.055017948150634766 9103.0
0.055342912673950195 9211.0
0.05566692352294922 9278.0
0.055991172790527344 9412.0
0.05631399154663086 9509.0
0.05663704872131348 9651.0
0.056960105895996094 9698.0
0.05728602409362793 9830.0
0.05761003494262695 9967.0
0.057930946350097656 10089.0
0.05825495719909668 10179.0
0.05857586860656738 10327.0
0.058897972106933594 10472.0
0.0592188835144043 10567.0
0.059542179107666016 10705.0
0.059866905212402344 10785.0
0.06018805503845215 10904.0
0.060508012771606445 10969.0
0.06083202362060547 11107.0
0.06115317344665527 11214.0
0.061473846435546875 11370.0
0.0617978572845459 11434.0
0.062120914459228516 11534.0
0.062439918518066406 11689.0
0.0627589225769043 11824.0
0.06308102607727051 11967.0
0.0634000301361084 12085.0
0.06371784210205078 12230.0
0.06403589248657227 12320.0
0.06435298919677734 12380.0
0.06466889381408691 12513.0
0.06498479843139648 12667.0
0.06529998779296875 12783.0
0.06561684608459473 12915.0
0.0659339427947998 13006.0
0.06658196449279785 13137.0
0.06731986999511719 13238.0
0.06796908378601074 13299.0
0.06864809989929199 13460.0
0.06929993629455566 13568.0
0.06994009017944336 13723.0
0.07059788703918457 13870.0
0.07129812240600586 14022.0
0.07190108299255371 14056.0
0.0726630687713623 14205.0
0.07327485084533691 14291.0
0.07423281669616699 14421.0
0.07484912872314453 14576.0
0.07556486129760742 14679.0
0.07618093490600586 14720.0
0.07681703567504883 14848.0
0.08084893226623535 14917.0
0.08122706413269043 15032.0
0.0815420150756836 15159.0
0.08185410499572754 15283.0
0.08216500282287598 15394.0
0.08247685432434082 15444.0
0.08278679847717285 15528.0
0.08310103416442871 15683.0
0.08341193199157715 15818.0
0.0837259292602539 15943.0
0.08404111862182617 16067.0
0.08435201644897461 16161.0
0.08466196060180664 16257.0
0.08496999740600586 16324.0
0.08528399467468262 16496.0
0.08559298515319824 16658.0
0.08590483665466309 16799.0
0.08621501922607422 16881.0
0.08652281761169434 16916.0
0.08683085441589355 16986.0
0.08714699745178223 17156.0
0.08745598793029785 17263.0
0.08776497840881348 17321.0
0.08807516098022461 17453.0
0.08838200569152832 17622.0
0.08869194984436035 17742.0
0.08899784088134766 17825.0
0.08930397033691406 17933.0
0.08961296081542969 18018.0
0.0899500846862793 18057.0
0.09025788307189941 18105.0
0.09056496620178223 18219.0
0.09087014198303223 18310.0
0.09117293357849121 18405.0
0.09147810935974121 18574.0
0.09178304672241211 18726.0
0.09208989143371582 18886.0
0.09239411354064941 18946.0
0.09270000457763672 19017.0
0.09300398826599121 19139.0
0.0933079719543457 19221.0
0.09361004829406738 19349.0
0.09391188621520996 19424.0
0.09421491622924805 19510.0
0.09451603889465332 19618.0
0.0948171615600586 19730.0
0.09511899948120117 19811.0
0.09542393684387207 19992.0
0.09572577476501465 20175.0
0.09602999687194824 20299.0
0.09633207321166992 20473.0
0.0966348648071289 20599.0
0.0969390869140625 20738.0
0.09724187850952148 20796.0
0.09754204750061035 20970.0
0.09784197807312012 21105.0
0.09814190864562988 21195.0
0.09844589233398438 21379.0
0.09874391555786133 21458.0
0.09904098510742188 21554.0
0.09933805465698242 21639.0
0.0996408462524414 21796.0
0.09993886947631836 21953.0
0.10023784637451172 22137.0
0.10053396224975586 22285.0
0.10083484649658203 22418.0
0.10113215446472168 22515.0
0.10143113136291504 22614.0
0.10172796249389648 22715.0
0.10202407836914062 22860.0
0.10231995582580566 22965.0
0.1026151180267334 23007.0
0.10291004180908203 23164.0
0.10320591926574707 23302.0
0.1035008430480957 23419.0
0.10379505157470703 23609.0
0.10408997535705566 23686.0
0.10438299179077148 23854.0
0.10467696189880371 23887.0
0.10498595237731934 23920.0
0.10528111457824707 23994.0
0.10557699203491211 24180.0
0.10586881637573242 24376.0
0.10616493225097656 24474.0
0.10645794868469238 24580.0
0.10675311088562012 24748.0
0.10705113410949707 24926.0
0.10734295845031738 25124.0
0.1076350212097168 25291.0
0.10792708396911621 25478.0
0.10858607292175293 25646.0
0.10932302474975586 25654.0
0.10986495018005371 25712.0
0.11041593551635742 25852.0
0.11107897758483887 26004.0
0.11163997650146484 26144.0
0.11258816719055176 26343.0
0.11314797401428223 26536.0
0.11368203163146973 26689.0
0.1142129898071289 26883.0
0.1147611141204834 27020.0
0.11529898643493652 27110.0
0.1158449649810791 27235.0
0.11637520790100098 27317.0
0.11696696281433105 27510.0
0.11750292778015137 27582.0
0.11803984642028809 27646.0
0.11860203742980957 27849.0
0.11914896965026855 28047.0
0.11946296691894531 28164.0
0.11976099014282227 28327.0
0.12004685401916504 28440.0
0.12033295631408691 28528.0
0.12063908576965332 28616.0
0.12093091011047363 28700.0
0.12121701240539551 28906.0
0.12150311470031738 29089.0
0.1217949390411377 29190.0
0.1220848560333252 29386.0
0.12237095832824707 29576.0
0.12265491485595703 29631.0
0.12293887138366699 29722.0
0.12322211265563965 29758.0
0.12350702285766602 29864.0
0.12378978729248047 30070.0
0.12407398223876953 30281.0
0.12435698509216309 30362.0
0.12463998794555664 30554.0
0.12492489814758301 30751.0
0.1252140998840332 30946.0
0.12549686431884766 31090.0
0.1257789134979248 31232.0
0.12606191635131836 31288.0
0.12634801864624023 31454.0
0.12662982940673828 31649.0
0.12690997123718262 31803.0
0.12719106674194336 31879.0
0.12747502326965332 32025.0
0.12775611877441406 32110.0
0.1280357837677002 32243.0
0.1283409595489502 32424.0
0.12862396240234375 32496.0
0.12890982627868652 32649.0
0.12918901443481445 32811.0
0.1294710636138916 32925.0
0.12975382804870605 33068.0
0.1300349235534668 33189.0
0.13031792640686035 33321.0
0.13059496879577637 33396.0
0.1308729648590088 33603.0
0.1311659812927246 33799.0
0.13144207000732422 33994.0
0.13172316551208496 34095.0
0.13200116157531738 34306.0
0.13228082656860352 34516.0
0.13256001472473145 34550.0
0.13283586502075195 34771.0
0.13311290740966797 34988.0
0.13338804244995117 35164.0
0.13366413116455078 35292.0
0.13393902778625488 35448.0
0.13421392440795898 35549.0
0.1344919204711914 35735.0
0.1347658634185791 35843.0
0.1350400447845459 35958.0
0.1353130340576172 36080.0
0.1355910301208496 36193.0
0.13586688041687012 36306.0
0.1361401081085205 36456.0
0.1364119052886963 36651.0
0.13669586181640625 36865.0
0.13697218894958496 37077.0
0.13724493980407715 37257.0
0.13751673698425293 37442.0
0.1377880573272705 37674.0
0.14179205894470215 37848.0
0.1420879364013672 37928.0
0.14235901832580566 38025.0
0.14263510704040527 38212.0
0.1429131031036377 38444.0
0.1431879997253418 38577.0
0.14345884323120117 38729.0
0.14372992515563965 38936.0
0.14400291442871094 39094.0
0.14427900314331055 39221.0
0.14454984664916992 39353.0
0.1448209285736084 39466.0
0.14509081840515137 39680.0
0.14536190032958984 39875.0
0.14563584327697754 40005.0
0.14590811729431152 40070.0
0.1461780071258545 40294.0
0.14644694328308105 40504.0
0.14671707153320312 40688.0
0.14698505401611328 40814.0
0.14725518226623535 40984.0
0.1475229263305664 41174.0
0.14779090881347656 41406.0
0.1480579376220703 41555.0
0.14832592010498047 41785.0
0.14861392974853516 42030.0
0.14888310432434082 42165.0
0.1491539478302002 42327.0
0.14942002296447754 42561.0
0.14968609809875488 42773.0
0.14995408058166504 43018.0
0.1502230167388916 43070.0
0.15049099922180176 43209.0
0.1507558822631836 43281.0
0.15102076530456543 43530.0
0.15128612518310547 43675.0
0.15155410766601562 43695.0
0.15181803703308105 43935.0
0.1520841121673584 44155.0
0.15234684944152832 44373.0
0.15363788604736328 44526.0
0.1541309356689453 44579.0
0.15466976165771484 44680.0
0.15512299537658691 44915.0
0.15557575225830078 45087.0
0.15603899955749512 45163.0
0.15649104118347168 45201.0
0.1569669246673584 45343.0
0.157548189163208 45569.0
0.15800189971923828 45752.0
0.15845584869384766 45938.0
0.1589038372039795 46175.0
0.1593470573425293 46370.0
0.1597888469696045 46560.0
0.16083693504333496 46650.0
0.1612870693206787 46753.0
0.1619110107421875 46941.0
0.16242480278015137 47114.0
0.16288495063781738 47220.0
0.1633281707763672 47427.0
0.16360187530517578 47549.0
0.16385793685913086 47575.0
0.16411089897155762 47705.0
0.1643679141998291 47882.0
0.164625883102417 48067.0
0.16488194465637207 48289.0
0.16513895988464355 48404.0
0.16539812088012695 48561.0
0.16565513610839844 48779.0
0.165910005569458 48908.0
0.16617083549499512 49166.0
0.1664278507232666 49332.0
0.16668486595153809 49501.0
0.16694092750549316 49724.0
0.16719484329223633 49942.0
0.16745305061340332 50184.0
0.16770696640014648 50376.0
0.16800212860107422 50603.0
0.168259859085083 50782.0
0.1685178279876709 50921.0
0.1687769889831543 51170.0
0.16903090476989746 51328.0
0.16928482055664062 51487.0
0.1695399284362793 51638.0
0.16979193687438965 51687.0
0.17004609107971191 51894.0
0.17029905319213867 51965.0
0.1705491542816162 52159.0
0.17080402374267578 52364.0
0.17105484008789062 52605.0
0.17130494117736816 52775.0
0.17156100273132324 53030.0
0.1718149185180664 53296.0
0.17206406593322754 53544.0
0.17231488227844238 53624.0
0.17256617546081543 53848.0
0.17281603813171387 53931.0
0.17323994636535645 54205.0
0.17348480224609375 54349.0
0.17398405075073242 54543.0
0.17478513717651367 54754.0
0.17519807815551758 54990.0
0.17560291290283203 55179.0
0.1760568618774414 55408.0
0.17652106285095215 55685.0
0.17694807052612305 55825.0
0.17737293243408203 55923.0
0.1777811050415039 56178.0
0.1781919002532959 56223.0
0.17862987518310547 56344.0
0.17903590202331543 56626.0
0.1794419288635254 56801.0
0.17986702919006348 57010.0
0.18032193183898926 57143.0
0.18072891235351562 57336.0
0.18235492706298828 57461.0
0.182603120803833 57663.0
0.18305397033691406 57794.0
0.18346190452575684 58014.0
0.18391108512878418 58120.0
0.18430805206298828 58312.0
0.18470191955566406 58570.0
0.18505001068115234 58814.0
0.1853032112121582 58949.0
0.1855449676513672 59130.0
0.1858048439025879 59403.0
0.1860489845275879 59587.0
0.1862931251525879 59780.0
0.18653297424316406 59927.0
0.18677306175231934 60109.0
0.18701386451721191 60352.0
0.18725895881652832 60552.0
0.1874990463256836 60683.0
0.18773794174194336 60919.0
0.18797707557678223 61021.0
0.18821501731872559 61196.0
0.18845391273498535 61488.0
0.1886920928955078 61605.0
0.18893098831176758 61722.0
0.18916797637939453 61895.0
0.18940496444702148 62086.0
0.18964195251464844 62377.0
0.18987798690795898 62527.0
0.19011783599853516 62736.0
0.1903550624847412 62848.0
0.19059109687805176 63078.0
0.1908259391784668 63208.0
0.19106197357177734 63338.0
0.19129705429077148 63622.0
0.19153094291687012 63853.0
0.19176602363586426 64138.0
0.1920011043548584 64426.0
0.19223499298095703 64533.0
0.19246912002563477 64759.0
0.1927051544189453 65003.0
0.19293999671936035 65155.0
0.19318413734436035 65343.0
0.19341802597045898 65370.0
0.1936509609222412 65652.0
0.19388294219970703 65679.0
0.19411420822143555 65959.0
0.19436907768249512 66240.0
0.19460487365722656 66482.0
0.19484186172485352 66594.0
0.19507598876953125 66815.0
0.19530701637268066 66921.0
0.19553804397583008 67210.0
0.19576716423034668 67409.0
0.19599699974060059 67700.0
0.1962289810180664 67743.0
0.19721293449401855 67989.0
0.19762802124023438 68288.0
0.19800496101379395 68569.0
0.19838595390319824 68637.0
0.19875001907348633 68919.0
0.20517587661743164 69012.0
0.20546483993530273 69127.0
0.2057030200958252 69432.0
0.20594096183776855 69585.0
0.20617294311523438 69807.0
0.2064049243927002 69970.0
0.20662999153137207 70271.0
0.20685791969299316 70447.0
0.20708799362182617 70762.0
0.20731401443481445 71074.0
0.20754480361938477 71342.0
0.20777606964111328 71570.0
0.20801901817321777 71608.0
0.20825505256652832 71912.0
0.20848798751831055 72210.0
0.2087230682373047 72505.0
0.20894908905029297 72813.0
0.2091810703277588 72994.0
0.20941400527954102 73264.0
0.20964479446411133 73525.0
0.21126985549926758 73640.0
0.21205592155456543 73902.0
0.21232008934020996 74190.0
0.21257400512695312 74347.0
0.2128009796142578 74645.0
0.213026762008667 74815.0
0.2132558822631836 75085.0
0.21348214149475098 75291.0
0.21370291709899902 75462.0
0.21392297744750977 75743.0
0.2141420841217041 76008.0
0.21436405181884766 76231.0
0.214583158493042 76493.0
0.21480298042297363 76768.0
0.21506595611572266 76946.0
0.21530604362487793 77247.0
0.21553397178649902 77529.0
0.21574997901916504 77636.0
0.21596598625183105 77860.0
0.21618199348449707 78003.0
0.21639680862426758 78185.0
0.2166128158569336 78442.0
0.2168278694152832 78608.0
0.21704411506652832 78924.0
0.21726012229919434 79188.0
0.21747803688049316 79452.0
0.21769189834594727 79752.0
0.21790599822998047 80062.0
0.21812105178833008 80376.0
0.2183361053466797 80668.0
0.2185499668121338 80760.0
0.2187800407409668 80839.0
0.2189950942993164 80974.0
0.21921491622924805 81152.0
0.21943092346191406 81426.0
0.21964693069458008 81710.0
0.2198619842529297 81819.0
0.22007513046264648 82100.0
0.2202908992767334 82305.0
0.2205030918121338 82573.0
0.2207169532775879 82765.0
0.22092914581298828 82881.0
0.22113895416259766 83213.0
0.22135090827941895 83456.0
0.2215580940246582 83749.0
0.22186803817749023 83939.0
0.22210001945495605 83999.0
0.22230887413024902 84270.0
0.22251510620117188 84461.0
0.2227189540863037 84763.0
0.22292208671569824 84961.0
0.22317075729370117 85257.0
0.22338104248046875 85321.0
0.22358989715576172 85439.0
0.22379183769226074 85655.0
0.22399401664733887 85807.0
0.2241959571838379 86101.0
0.2243969440460205 86368.0
0.22459912300109863 86571.0
0.22480010986328125 86896.0
0.22500109672546387 87062.0
0.2252030372619629 87395.0
0.22540593147277832 87657.0
0.22560501098632812 87868.0
0.22580480575561523 88086.0
0.22600507736206055 88369.0
0.22620391845703125 88560.0
0.22640705108642578 88799.0
0.2266089916229248 89110.0
0.22681879997253418 89281.0
0.22701692581176758 89541.0
0.22721600532531738 89808.0
0.22741413116455078 89832.0
0.22761297225952148 90172.0
0.23078203201293945 90193.0
0.24009203910827637 90204.0
