0.00014400482177734375 107.0
0.00015687942504882812 216.0
0.00017213821411132812 333.0
0.00018310546875 457.0
0.00019216537475585938 586.0
0.0002009868621826172 729.0
0.00021409988403320312 875.0
0.00022411346435546875 1033.0
0.0002319812774658203 1198.0
0.000244140625 1364.0
0.0002551078796386719 1534.0
0.0002639293670654297 1706.0
0.00027298927307128906 1887.0
0.00028014183044433594 2075.0
0.0002880096435546875 2265.0
0.0002961158752441406 2455.0
0.00030303001403808594 2649.0
0.0003459453582763672 2652.0
0.00039005279541015625 2653.0
0.00044798851013183594 2655.0
0.0004899501800537109 2656.0
0.0005908012390136719 2658.0
0.0006940364837646484 2660.0
0.0008180141448974609 2662.0
0.0012440681457519531 2665.0
0.0017180442810058594 2666.0
0.0018749237060546875 2669.0
0.002209186553955078 2671.0
0.002807140350341797 2673.0
0.0031518936157226562 2674.0
0.004551887512207031 2676.0
0.005048036575317383 2677.0
0.005887031555175781 2678.0
0.007927179336547852 2680.0
0.009212017059326172 2681.0
0.011726856231689453 2682.0
0.016104936599731445 2684.0
0.018467187881469727 2685.0
0.02233290672302246 2686.0
0.02673792839050293 2687.0
0.0317080020904541 2688.0
0.045393943786621094 2689.0
0.06150984764099121 2690.0
0.08182621002197266 2691.0
0.09674906730651855 2692.0
0.13408398628234863 2693.0
0.18117618560791016 2694.0
0.26039600372314453 2695.0
0.3416731357574463 2696.0
0.4371459484100342 2697.0
