0.0 893
0.0 893
0.0 893
0.0 893
0.0 893
0.0 893
0.0 893
0.0 893
0.0 893
0.0 893
0.01 893
0.01 893
0.01 893
0.01 893
0.01 893
0.01 893
0.01 893
0.01 893
0.01 893
0.01 893
0.01 893
0.01 893
0.01 893
0.01 893
0.01 893
0.01 893
0.01 893
0.01 893
0.01 893
0.01 893
0.01 893
0.01 893
0.01 893
0.02 893
0.02 893
0.02 893
0.02 893
0.02 893
0.02 893
0.02 893
0.02 893
0.02 893
0.02 893
0.02 893
0.02 893
0.02 893
0.02 893
0.02 893
0.02 893
0.02 893
0.02 893
0.02 893
0.02 893
0.02 893
0.02 893
0.02 893
0.02 893
0.03 893
0.03 893
0.03 893
0.03 893
0.03 893
0.03 893
0.03 893
0.03 893
0.03 893
0.03 893
0.03 893
0.03 893
0.03 893
0.03 893
0.03 893
0.03 893
0.03 893
0.03 893
0.03 893
0.03 893
0.03 893
0.03 893
0.03 893
0.04 893
0.04 893
0.04 893
0.04 893
0.04 893
0.04 893
0.04 893
0.04 893
0.04 893
0.04 893
0.04 893
0.04 893
0.04 893
0.04 893
0.04 893
0.05 893
0.05 910
0.05 910
0.05 910
0.05 910
0.05 910
0.05 910
0.05 910
0.05 910
0.05 910
0.05 910
0.05 910
0.05 910
0.05 910
0.05 910
0.06 910
0.06 910
0.06 910
0.06 910
0.06 910
0.06 910
0.06 910
0.06 910
0.06 910
0.06 910
0.06 910
0.06 910
0.06 910
0.06 910
0.06 910
0.06 910
0.06 910
0.06 910
0.06 910
0.06 910
0.06 910
0.06 910
0.06 910
0.07 910
0.07 910
0.07 910
0.07 910
0.07 910
0.07 910
0.07 910
0.07 910
0.07 910
0.07 910
0.07 910
0.07 910
0.07 910
0.07 910
0.07 910
0.07 910
0.07 910
0.08 910
0.08 910
0.08 910
0.08 910
0.08 910
0.08 910
0.08 910
0.08 910
0.08 910
0.08 910
0.08 910
0.08 910
0.08 910
0.08 910
0.08 910
0.08 910
0.08 910
0.08 910
0.08 910
0.08 910
0.08 910
0.08 910
0.08 910
0.09 910
0.09 910
0.09 910
0.09 910
0.09 910
0.09 910
0.09 910
0.09 910
0.09 910
0.09 910
0.09 910
0.09 910
0.09 910
0.09 910
0.09 910
0.09 910
0.09 910
0.09 910
0.1 910
0.1 910
0.1 910
0.1 910
0.1 910
0.1 910
0.1 910
0.1 910
0.1 910
0.1 910
0.1 910
0.1 910
0.1 910
0.1 910
0.1 910
0.1 910
0.1 910
0.1 910
0.1 910
0.1 910
0.1 910
0.1 910
0.1 910
0.1 910
0.11 910
0.11 910
0.11 910
0.11 910
0.11 910
0.11 910
0.11 910
0.11 910
0.11 910
0.11 910
0.11 910
0.11 910
0.11 910
0.11 910
0.11 910
0.11 910
0.11 910
0.11 910
0.11 910
0.11 910
0.11 910
0.11 910
0.11 910
0.12 910
0.12 910
0.12 910
0.12 910
0.12 910
0.12 910
0.12 910
0.12 910
0.12 910
0.12 910
0.12 910
0.12 910
0.12 910
0.12 910
0.12 910
0.12 910
0.12 910
0.12 910
0.12 910
0.12 910
0.12 910
0.12 910
0.12 910
0.12 910
0.13 910
0.13 910
0.13 910
0.13 910
0.13 910
0.13 910
0.13 910
0.13 910
0.13 910
0.13 910
0.13 910
0.13 910
0.13 910
0.13 910
0.13 910
0.13 910
0.13 910
0.13 910
0.13 910
0.13 910
0.13 910
0.13 910
0.13 910
0.14 910
0.14 910
0.14 910
0.14 910
0.14 910
0.14 910
0.14 910
0.14 910
0.14 910
0.14 910
0.14 910
0.14 910
0.14 910
0.14 910
0.14 910
0.14 910
0.14 910
0.14 910
0.14 910
0.14 910
0.14 910
0.14 910
0.14 910
0.15 910
0.15 910
0.15 910
0.15 910
0.15 910
0.15 910
0.15 910
0.15 910
0.15 910
0.15 910
0.15 910
0.15 910
0.15 910
0.15 910
0.15 910
0.15 910
0.15 910
0.15 910
0.15 910
0.15 910
0.15 910
0.15 910
0.15 910
0.15 910
0.16 910
0.16 910
0.16 910
0.16 910
0.16 910
0.16 910
0.16 910
0.16 910
0.16 910
0.16 910
0.16 910
0.16 910
0.16 910
0.16 910
0.16 910
0.16 910
0.16 910
0.16 910
0.16 910
0.16 910
0.16 910
0.16 910
0.16 910
0.17 910
0.17 910
0.17 910
0.17 910
0.17 910
0.17 910
0.17 910
0.17 910
0.17 910
0.17 910
0.17 910
0.17 910
0.17 910
0.17 910
0.17 910
0.17 910
0.17 910
0.17 910
0.17 910
0.17 910
0.17 910
0.17 910
0.17 910
0.17 910
0.18 910
0.18 910
0.18 910
0.18 910
0.18 910
0.18 910
0.18 910
0.18 910
0.18 910
0.18 910
0.18 910
0.18 910
0.18 910
0.18 910
0.18 910
0.18 910
0.18 910
0.18 910
0.18 910
0.18 910
0.18 910
0.18 910
0.18 910
0.19 910
0.19 910
0.19 910
0.19 910
0.19 910
0.19 910
0.19 910
0.19 910
0.19 910
0.19 910
0.19 910
0.19 910
0.19 910
0.19 910
0.19 910
0.19 910
0.19 910
0.19 910
0.19 910
0.19 910
0.19 910
0.19 910
0.19 910
0.2 910
0.2 910
0.2 910
0.2 910
0.2 910
0.2 910
0.2 910
0.2 910
0.2 910
0.2 910
0.2 910
0.2 910
0.2 910
0.2 910
0.2 910
0.2 910
0.2 910
0.2 910
0.2 910
0.2 910
0.2 910
0.2 910
0.2 910
0.2 910
0.21 910
0.21 910
0.21 910
0.21 910
0.21 910
0.21 910
0.21 910
0.21 910
0.21 910
0.21 910
0.21 910
0.21 910
0.21 910
0.21 910
0.21 910
0.21 910
0.21 910
0.21 910
0.21 910
0.21 910
0.21 910
0.21 910
0.21 910
0.22 910
0.22 910
0.22 910
0.22 910
0.22 910
0.22 910
0.22 910
0.22 910
0.22 910
0.22 910
0.22 910
0.22 910
0.22 910
0.22 910
0.22 910
0.22 910
0.22 910
0.22 910
0.22 910
0.22 910
0.22 910
0.22 910
0.22 910
0.22 910
0.23 910
0.23 910
0.23 910
0.23 910
0.23 910
0.23 910
0.23 910
0.23 910
0.23 910
0.23 910
0.23 910
0.23 910
0.23 910
0.23 910
0.23 910
0.23 910
0.23 910
0.23 910
0.23 910
0.23 910
0.23 910
0.23 910
0.23 910
0.24 910
0.24 910
0.24 910
0.24 910
0.24 910
0.24 910
0.24 910
0.24 910
0.24 910
0.24 910
0.24 910
0.24 910
0.24 910
0.24 910
0.24 910
0.24 910
0.24 910
0.24 910
0.24 910
0.24 910
0.24 910
0.24 910
0.24 910
0.25 910
0.25 910
0.25 910
0.25 910
0.25 910
0.25 910
0.25 910
0.25 910
0.25 910
0.25 910
0.25 910
0.25 910
0.25 910
0.25 910
0.25 910
0.25 910
0.25 910
0.25 910
0.25 910
0.25 910
0.25 910
0.25 910
0.25 910
0.26 910
0.26 910
0.26 910
0.26 910
0.26 910
0.26 910
0.26 910
0.26 910
0.26 910
0.26 910
0.26 910
0.26 910
0.26 910
0.26 910
0.26 910
0.26 910
0.26 910
0.26 910
0.26 910
0.26 910
0.26 910
0.26 910
0.26 910
0.26 910
0.27 910
0.27 910
0.27 910
0.27 910
0.27 910
0.27 910
0.27 910
0.27 910
0.27 910
0.27 910
0.27 910
0.27 910
0.27 910
0.27 910
0.27 910
0.27 910
0.27 910
0.27 910
0.27 910
0.27 910
0.27 910
0.27 910
0.27 910
0.27 910
0.27 910
0.28 910
0.28 910
0.28 910
0.28 910
0.28 910
0.28 910
0.28 910
0.28 910
0.28 910
0.28 910
0.28 910
0.28 910
0.28 910
0.28 910
0.28 910
0.28 910
0.28 910
0.28 910
0.28 910
0.28 910
0.28 910
0.28 910
0.28 910
0.28 910
0.29 910
0.29 910
0.29 910
0.29 910
0.29 910
0.29 910
0.29 910
0.29 910
0.29 910
0.29 910
0.29 910
0.29 910
0.29 910
0.29 910
0.29 910
0.29 910
0.29 910
0.29 910
0.29 910
0.29 910
0.29 910
0.29 910
0.29 910
0.29 910
0.3 910
0.3 910
0.3 910
0.3 910
0.3 910
0.3 910
0.3 910
0.3 910
0.3 910
0.3 910
0.3 910
0.3 910
0.3 910
0.3 910
0.3 910
0.3 910
0.3 910
0.3 910
0.3 910
0.3 910
0.3 910
0.3 910
0.3 910
0.3 910
0.3 910
0.31 910
0.31 910
0.31 910
0.31 910
0.31 910
0.31 910
0.31 910
0.31 910
0.31 910
0.31 910
0.31 910
0.31 910
0.31 910
0.31 910
0.31 910
0.31 910
0.31 910
0.31 910
0.31 910
0.31 910
0.31 910
0.31 910
0.31 910
0.31 910
0.31 910
0.32 910
0.32 910
0.32 910
0.32 910
0.32 910
0.32 910
0.32 910
0.32 910
0.32 910
0.32 910
0.32 910
0.32 910
0.32 910
0.32 910
0.32 910
0.32 910
0.32 910
0.32 910
0.32 910
0.32 910
0.32 910
0.32 910
0.32 910
0.32 910
0.33 910
0.33 910
0.33 910
0.33 910
0.33 910
0.33 910
0.33 910
0.33 910
0.33 910
0.33 910
0.33 910
0.33 910
0.33 910
0.33 910
0.33 910
0.33 910
0.33 910
0.33 910
0.33 910
0.33 910
0.33 910
0.33 910
0.33 910
0.33 910
0.34 910
0.34 910
0.34 910
0.34 910
0.34 910
0.34 910
0.34 910
0.34 910
0.34 910
0.34 910
0.34 910
0.34 910
0.34 910
0.34 910
0.34 910
0.34 910
0.34 910
0.34 910
0.34 910
0.34 910
0.34 910
0.34 910
0.34 910
0.34 910
0.35 910
0.35 910
0.35 910
0.35 910
0.35 910
0.35 910
0.35 910
0.35 910
0.35 910
0.35 910
0.35 910
0.35 910
0.35 910
0.35 910
0.35 910
0.35 910
0.35 910
0.35 910
0.35 910
0.35 910
0.35 910
0.35 910
0.35 910
0.35 910
0.36 910
0.36 910
0.36 910
0.36 910
0.36 910
0.36 910
0.36 910
0.36 910
0.36 910
0.36 910
0.36 910
0.36 910
0.36 910
0.36 910
0.36 910
0.36 910
0.36 910
0.36 910
0.36 910
0.36 910
0.36 910
0.36 910
0.36 910
0.36 910
0.36 910
0.37 910
0.37 910
0.37 910
0.37 910
0.37 910
0.37 910
0.37 910
0.37 910
0.37 910
0.37 910
0.37 910
0.37 910
0.37 910
0.37 910
0.37 910
0.37 910
0.37 910
0.37 910
0.37 910
0.37 910
0.37 910
0.37 910
0.37 910
0.37 910
0.37 910
0.38 910
0.38 910
0.38 910
0.38 910
0.38 910
0.38 910
0.38 910
0.38 910
0.38 910
0.38 910
0.38 910
0.38 910
0.38 910
0.38 910
0.38 910
0.38 910
0.38 910
0.38 910
0.38 910
0.38 910
0.38 910
0.38 910
0.38 910
0.38 910
0.38 910
0.39 910
0.39 910
0.39 910
0.39 910
0.39 910
0.39 910
0.39 910
0.39 910
0.39 910
0.39 910
0.39 910
0.39 910
0.39 910
0.39 910
0.39 910
0.39 910
0.39 910
0.39 910
0.39 910
0.39 910
0.39 910
0.39 910
0.39 910
0.39 910
0.4 910
0.4 910
0.4 910
0.4 910
0.4 910
0.4 910
0.4 910
0.4 910
0.4 910
0.4 910
0.4 910
0.4 910
0.4 910
0.4 910
0.4 910
0.4 910
0.4 910
0.4 910
0.4 910
0.4 910
0.4 910
0.4 910
0.4 910
0.4 910
0.41 910
0.41 910
0.41 910
0.41 910
0.41 910
0.41 910
0.41 910
0.41 910
0.41 910
0.41 910
0.41 910
0.41 910
0.41 910
0.41 910
0.41 910
0.41 910
0.41 910
0.41 910
0.41 910
0.41 910
0.41 910
0.41 910
0.41 910
0.41 910
0.42 910
0.42 910
0.42 910
0.42 910
0.42 910
0.42 910
0.42 910
0.42 910
0.42 910
0.42 910
0.42 910
0.42 910
0.42 910
0.42 910
0.42 910
0.42 910
0.42 910
0.42 910
0.42 910
0.42 910
0.42 910
0.42 910
0.42 910
0.42 910
0.43 910
0.43 910
0.43 910
0.43 910
0.43 910
0.43 910
0.43 910
0.43 910
0.43 910
0.43 910
0.43 910
0.43 910
0.43 910
0.43 910
0.43 910
0.43 910
0.43 910
0.43 910
0.43 910
0.43 910
0.43 910
0.43 910
0.43 910
0.43 910
0.43 910
0.44 910
0.44 910
0.44 910
0.44 910
0.44 910
0.44 910
0.44 910
0.44 910
0.44 910
0.44 910
0.44 910
0.44 910
0.44 910
0.44 910
0.44 910
0.44 910
0.44 910
0.44 910
0.44 910
0.44 910
0.44 910
0.44 910
0.44 910
0.44 910
0.45 910
0.45 910
0.45 910
0.45 910
0.45 910
0.45 910
0.45 910
0.45 910
0.45 910
0.45 910
0.45 910
0.45 910
0.45 910
0.45 910
0.45 910
0.45 910
0.45 910
0.45 910
0.45 910
0.45 910
0.45 910
0.45 910
0.45 910
0.45 910
0.45 910
0.46 910
0.46 910
0.46 910
0.46 910
0.46 910
0.46 910
0.46 910
0.46 910
0.46 910
0.46 910
0.46 910
0.46 910
0.46 910
0.46 910
0.46 910
0.46 910
0.46 910
0.46 910
0.46 910
0.46 910
0.46 910
0.46 910
0.46 910
0.46 910
0.46 910
0.47 910
0.47 910
0.47 910
0.47 910
0.47 910
0.47 910
0.47 910
0.47 910
0.47 910
0.47 910
0.47 910
0.47 910
0.47 910
0.47 910
0.47 910
0.47 910
0.47 910
0.47 910
0.47 910
0.47 910
0.47 910
0.47 910
0.47 910
0.47 910
0.47 910
0.48 910
0.48 910
0.48 910
0.48 910
0.48 910
0.48 910
0.48 910
0.48 910
0.48 910
0.48 910
0.48 910
0.48 910
0.48 910
0.48 910
0.48 910
0.48 910
0.48 910
0.48 910
0.48 910
0.48 910
0.48 910
0.48 910
0.48 910
0.48 910
0.49 910
0.49 910
0.49 910
0.49 910
0.49 910
0.49 910
0.49 910
0.49 910
0.49 910
0.49 910
0.49 910
0.49 910
0.49 910
0.49 910
0.49 910
0.49 910
0.49 910
0.49 910
0.49 910
0.49 910
0.49 910
0.49 910
0.49 910
0.49 910
0.49 910
0.5 910
0.5 910
0.5 910
0.5 910
0.5 910
0.5 910
0.5 910
0.5 910
0.5 910
0.5 910
0.5 910
0.5 910
0.5 910
0.5 910
0.5 910
0.5 910
0.5 910
0.5 910
0.5 910
0.5 910
0.5 910
0.5 910
0.5 910
0.5 910
0.5 910
0.51 910
0.51 910
0.51 910
0.51 910
0.51 910
0.51 910
0.51 910
0.51 910
0.51 910
0.51 910
0.51 910
0.51 910
0.51 910
0.51 910
0.51 910
0.51 910
0.51 910
0.51 910
0.51 910
0.51 910
0.51 910
0.51 910
0.51 910
0.51 910
0.51 910
0.52 910
0.52 910
0.52 910
0.52 910
0.52 910
0.52 910
0.52 910
0.52 910
0.52 910
0.52 910
0.52 910
0.52 910
0.52 910
0.52 910
0.52 910
0.52 910
0.52 910
0.52 910
0.52 910
0.52 910
0.52 910
0.52 910
0.52 910
0.52 910
0.53 910
0.53 910
0.53 910
0.53 910
0.53 910
0.53 910
0.53 910
0.53 910
0.53 910
0.53 910
0.53 910
0.53 910
0.53 910
0.53 910
0.53 910
0.53 910
0.53 910
0.53 910
0.53 910
0.53 910
0.53 910
0.53 910
0.53 910
0.53 910
0.53 910
0.54 910
0.54 910
0.54 910
0.54 910
0.54 910
0.54 910
0.54 910
0.54 910
0.54 910
0.54 910
0.54 910
0.54 910
0.54 910
0.54 910
0.54 910
0.54 910
0.54 910
0.54 910
0.54 910
0.54 910
0.54 910
0.54 910
0.54 910
0.54 910
0.54 910
0.55 910
0.55 910
0.55 910
0.55 910
0.55 910
0.55 910
0.55 910
0.55 910
0.55 910
0.55 910
0.55 910
0.55 910
0.55 910
0.55 910
0.55 910
0.55 910
0.55 910
0.55 910
0.55 910
0.55 910
0.55 910
0.55 910
0.55 910
0.55 910
0.55 910
0.56 910
0.56 910
0.56 910
0.56 910
0.56 910
0.56 910
0.56 910
0.56 910
0.56 910
0.56 910
0.56 910
0.56 910
0.56 910
0.56 910
0.56 910
0.56 910
0.56 910
0.56 910
0.56 910
0.56 910
0.56 910
0.56 910
